0 verbose cli C:\Program Files\nodejs\node.exe C:\Program Files\nodejs\node_modules\npm\bin\npm-cli.js
1 info using npm@8.19.3
2 info using node@v16.19.0
3 timing npm:load:whichnode Completed in 0ms
4 timing config:load:defaults Completed in 1ms
5 timing config:load:file:C:\Users\erek\AppData\Roaming\nvm\v16.19.0\node_modules\npm\npmrc Completed in 1ms
6 timing config:load:builtin Completed in 1ms
7 timing config:load:cli Completed in 1ms
8 timing config:load:env Completed in 1ms
9 timing config:load:project Completed in 2ms
10 timing config:load:file:C:\Users\erek\.npmrc Completed in 1ms
11 timing config:load:user Completed in 1ms
12 timing config:load:file:C:\Program Files\nodejs\etc\npmrc Completed in 0ms
13 timing config:load:global Completed in 1ms
14 timing config:load:validate Completed in 0ms
15 timing config:load:credentials Completed in 0ms
16 timing config:load:setEnvs Completed in 1ms
17 timing config:load Completed in 10ms
18 timing npm:load:configload Completed in 11ms
19 timing npm:load:mkdirpcache Completed in 1ms
20 timing npm:load:mkdirplogs Completed in 0ms
21 verbose title npm i npm@6.14.18
22 verbose argv "i" "--global" "npm@6.14.18"
23 timing npm:load:setTitle Completed in 1ms
24 timing config:load:flatten Completed in 2ms
25 timing npm:load:display Completed in 3ms
26 verbose logfile logs-max:10 dir:C:\Users\erek\Desktop\eo-sdk-boilerplate\npm_cache\_logs
27 verbose logfile C:\Users\erek\Desktop\eo-sdk-boilerplate\npm_cache\_logs\2023-08-03T11_25_55_749Z-debug-0.log
28 timing npm:load:logFile Completed in 4ms
29 timing npm:load:timers Completed in 0ms
30 timing npm:load:configScope Completed in 0ms
31 timing npm:load Completed in 21ms
32 silly logfile done cleaning log files
33 http fetch GET 200 https://registry.npmjs.org/npm 102ms (cache revalidated)
34 timing arborist:ctor Completed in 0ms
35 timing idealTree:init Completed in 5ms
36 timing idealTree:userRequests Completed in 1ms
37 silly idealTree buildDeps
38 silly fetch manifest npm@6.14.18
39 http fetch GET 200 https://registry.npmjs.org/npm 8ms (cache hit)
40 silly placeDep ROOT npm@6.14.18 OK for:  want: 6.14.18
41 timing idealTree:#root Completed in 25ms
42 timing idealTree:node_modules/npm Completed in 0ms
43 timing idealTree:buildDeps Completed in 27ms
44 timing idealTree:fixDepFlags Completed in 0ms
45 timing idealTree Completed in 33ms
46 timing reify:loadTrees Completed in 145ms
47 timing reify:diffTrees Completed in 3ms
48 silly reify mark retired [
48 silly reify   'C:\\Users\\erek\\AppData\\Roaming\\nvm\\v16.19.0\\node_modules\\npm',
48 silly reify   'C:\\Users\\erek\\AppData\\Roaming\\nvm\\v16.19.0\\npm',
48 silly reify   'C:\\Users\\erek\\AppData\\Roaming\\nvm\\v16.19.0\\npm.cmd',
48 silly reify   'C:\\Users\\erek\\AppData\\Roaming\\nvm\\v16.19.0\\npm.ps1',
48 silly reify   'C:\\Users\\erek\\AppData\\Roaming\\nvm\\v16.19.0\\npx',
48 silly reify   'C:\\Users\\erek\\AppData\\Roaming\\nvm\\v16.19.0\\npx.cmd',
48 silly reify   'C:\\Users\\erek\\AppData\\Roaming\\nvm\\v16.19.0\\npx.ps1'
48 silly reify ]
49 silly reify moves {
49 silly reify   'C:\\Users\\erek\\AppData\\Roaming\\nvm\\v16.19.0\\node_modules\\npm': 'C:\\Users\\erek\\AppData\\Roaming\\nvm\\v16.19.0\\node_modules\\.npm-GIoRqoYM',
49 silly reify   'C:\\Users\\erek\\AppData\\Roaming\\nvm\\v16.19.0\\npm': 'C:\\Users\\erek\\AppData\\Roaming\\nvm\\v16.19.0\\.npm-QF9NzSqJ',
49 silly reify   'C:\\Users\\erek\\AppData\\Roaming\\nvm\\v16.19.0\\npm.cmd': 'C:\\Users\\erek\\AppData\\Roaming\\nvm\\v16.19.0\\.npm.cmd-4ECfoK5L',
49 silly reify   'C:\\Users\\erek\\AppData\\Roaming\\nvm\\v16.19.0\\npm.ps1': 'C:\\Users\\erek\\AppData\\Roaming\\nvm\\v16.19.0\\.npm.ps1-Y4jnOH2y',
49 silly reify   'C:\\Users\\erek\\AppData\\Roaming\\nvm\\v16.19.0\\npx': 'C:\\Users\\erek\\AppData\\Roaming\\nvm\\v16.19.0\\.npx-7SEb2yeG',
49 silly reify   'C:\\Users\\erek\\AppData\\Roaming\\nvm\\v16.19.0\\npx.cmd': 'C:\\Users\\erek\\AppData\\Roaming\\nvm\\v16.19.0\\.npx.cmd-s0jP8XoQ',
49 silly reify   'C:\\Users\\erek\\AppData\\Roaming\\nvm\\v16.19.0\\npx.ps1': 'C:\\Users\\erek\\AppData\\Roaming\\nvm\\v16.19.0\\.npx.ps1-5zHFwCNw'
49 silly reify }
50 timing reify:retireShallow Completed in 8ms
51 timing reify:createSparse Completed in 0ms
52 timing reifyNode:node_modules/npm Completed in 3581ms
53 timing arborist:ctor Completed in 1ms
54 timing reify:diffTrees Completed in 5ms
55 timing reify:loadBundles Completed in 4426ms
56 silly audit bulk request {
56 silly audit   npm: [ '6.14.18' ],
56 silly audit   JSONStream: [ '1.3.5' ],
56 silly audit   agentkeepalive: [ '3.5.2' ],
56 silly audit   abbrev: [ '1.1.1' ],
56 silly audit   'ansi-regex': [ '2.1.1', '4.1.1', '3.0.0', '4.1.0' ],
56 silly audit   'agent-base': [ '4.3.0', '4.2.1' ],
56 silly audit   'ansi-styles': [ '3.2.1' ],
56 silly audit   ansicolors: [ '0.3.2' ],
56 silly audit   'ansi-align': [ '2.0.0' ],
56 silly audit   'are-we-there-yet': [ '1.1.4' ],
56 silly audit   'readable-stream': [ '2.3.6', '3.6.0', '1.1.14' ],
56 silly audit   'safe-buffer': [ '5.1.2', '5.2.1', '5.2.0' ],
56 silly audit   string_decoder: [ '1.1.1', '0.10.31', '1.3.0' ],
56 silly audit   ansistyles: [ '0.1.3' ],
56 silly audit   archy: [ '1.0.0' ],
56 silly audit   aproba: [ '2.0.0', '1.2.0' ],
56 silly audit   asap: [ '2.0.6' ],
56 silly audit   asynckit: [ '0.4.0' ],
56 silly audit   asn1: [ '0.2.6' ],
56 silly audit   'bcrypt-pbkdf': [ '1.0.2' ],
56 silly audit   'assert-plus': [ '1.0.0' ],
56 silly audit   aws4: [ '1.11.0' ],
56 silly audit   'balanced-match': [ '1.0.2' ],
56 silly audit   'aws-sign2': [ '0.7.0' ],
56 silly audit   boxen: [ '1.3.0' ],
56 silly audit   bluebird: [ '3.7.2' ],
56 silly audit   'bin-links': [ '1.1.8' ],
56 silly audit   byline: [ '5.0.0' ],
56 silly audit   'buffer-from': [ '1.0.0' ],
56 silly audit   builtins: [ '1.0.3' ],
56 silly audit   'byte-size': [ '5.0.1' ],
56 silly audit   'brace-expansion': [ '1.1.11' ],
56 silly audit   camelcase: [ '4.1.0', '5.3.1' ],
56 silly audit   caseless: [ '0.12.0' ],
56 silly audit   cacache: [ '12.0.4' ],
56 silly audit   'call-limit': [ '1.1.1' ],
56 silly audit   'capture-stack-trace': [ '1.0.0' ],
56 silly audit   chalk: [ '2.4.1' ],
56 silly audit   chownr: [ '1.1.4' ],
56 silly audit   'ci-info': [ '2.0.0', '1.6.0' ],
56 silly audit   'cidr-regex': [ '2.0.10' ],
56 silly audit   'cli-columns': [ '3.1.2' ],
56 silly audit   'cli-boxes': [ '1.0.0' ],
56 silly audit   clone: [ '1.0.4' ],
56 silly audit   'cmd-shim': [ '3.0.3' ],
56 silly audit   cliui: [ '5.0.0' ],
56 silly audit   'string-width': [ '3.1.0', '1.0.2', '2.1.1' ],
56 silly audit   'strip-ansi': [ '5.2.0', '4.0.0', '3.0.1' ],
56 silly audit   'is-fullwidth-code-point': [ '2.0.0', '1.0.0' ],
56 silly audit   'code-point-at': [ '1.1.0' ],
56 silly audit   'cli-table3': [ '0.5.1' ],
56 silly audit   columnify: [ '1.5.4' ],
56 silly audit   'color-convert': [ '1.9.1' ],
56 silly audit   colors: [ '1.3.3' ],
56 silly audit   'combined-stream': [ '1.0.8' ],
56 silly audit   'color-name': [ '1.1.3' ],
56 silly audit   'concat-stream': [ '1.6.2' ],
56 silly audit   'concat-map': [ '0.0.1' ],
56 silly audit   'config-chain': [ '1.1.13' ],
56 silly audit   'console-control-strings': [ '1.1.0' ],
56 silly audit   'core-util-is': [ '1.0.2' ],
56 silly audit   'copy-concurrently': [ '1.0.5' ],
56 silly audit   iferr: [ '0.1.5', '1.0.2' ],
56 silly audit   cyclist: [ '0.2.2' ],
56 silly audit   'crypto-random-string': [ '1.0.0' ],
56 silly audit   'create-error-class': [ '3.0.2' ],
56 silly audit   configstore: [ '3.1.5' ],
56 silly audit   'cross-spawn': [ '5.1.0' ],
56 silly audit   'lru-cache': [ '4.1.5', '5.1.1' ],
56 silly audit   yallist: [ '2.1.2', '3.1.1', '3.0.3' ],
56 silly audit   debuglog: [ '1.0.1' ],
56 silly audit   'decode-uri-component': [ '0.2.2' ],
56 silly audit   dashdash: [ '1.14.1' ],
56 silly audit   debug: [ '3.1.0' ],
56 silly audit   ms: [ '2.0.0', '2.1.1' ],
56 silly audit   decamelize: [ '1.2.0' ],
56 silly audit   'deep-extend': [ '0.6.0' ],
56 silly audit   'detect-indent': [ '5.0.0' ],
56 silly audit   defaults: [ '1.0.3' ],
56 silly audit   'delayed-stream': [ '1.0.0' ],
56 silly audit   'define-properties': [ '1.1.3' ],
56 silly audit   'detect-newline': [ '2.1.0' ],
56 silly audit   delegates: [ '1.0.0' ],
56 silly audit   'dot-prop': [ '4.2.1' ],
56 silly audit   dotenv: [ '5.0.1' ],
56 silly audit   duplexer3: [ '0.1.4' ],
56 silly audit   dezalgo: [ '1.0.4' ],
56 silly audit   editor: [ '1.0.0' ],
56 silly audit   'ecc-jsbn': [ '0.1.2' ],
56 silly audit   duplexify: [ '3.6.0' ],
56 silly audit   'env-paths': [ '2.2.1' ],
56 silly audit   encoding: [ '0.1.12' ],
56 silly audit   'emoji-regex': [ '7.0.3' ],
56 silly audit   errno: [ '0.1.7' ],
56 silly audit   'end-of-stream': [ '1.4.1' ],
56 silly audit   'es-to-primitive': [ '1.2.0' ],
56 silly audit   'es-abstract': [ '1.12.0' ],
56 silly audit   'err-code': [ '1.1.2' ],
56 silly audit   'es6-promise': [ '4.2.8' ],
56 silly audit   extend: [ '3.0.2' ],
56 silly audit   'escape-string-regexp': [ '1.0.5' ],
56 silly audit   'fast-json-stable-stringify': [ '2.0.0' ],
56 silly audit   'es6-promisify': [ '5.0.0' ],
56 silly audit   execa: [ '0.7.0' ],
56 silly audit   'get-stream': [ '3.0.0', '4.1.0' ],
56 silly audit   'filter-obj': [ '1.1.0' ],
56 silly audit   extsprintf: [ '1.3.0' ],
56 silly audit   'figgy-pudding': [ '3.5.2' ],
56 silly audit   'find-npm-prefix': [ '1.0.2' ],
56 silly audit   'forever-agent': [ '0.6.1' ],
56 silly audit   'flush-write-stream': [ '1.0.3' ],
56 silly audit   'form-data': [ '2.3.3' ],
56 silly audit   from2: [ '2.3.0', '1.3.0' ],
56 silly audit   'fs-vacuum': [ '1.2.10' ],
56 silly audit   'fs-minipass': [ '1.2.7' ],
56 silly audit   minipass: [ '2.9.0' ],
56 silly audit   'fs-write-stream-atomic': [ '1.0.10' ],
56 silly audit   'function-bind': [ '1.1.1' ],
56 silly audit   gauge: [ '2.7.4' ],
56 silly audit   genfun: [ '5.0.0' ],
56 silly audit   'fs.realpath': [ '1.0.0' ],
56 silly audit   'gentle-fs': [ '2.3.1' ],
56 silly audit   'get-caller-file': [ '2.0.5' ],
56 silly audit   getpass: [ '0.1.7' ],
56 silly audit   glob: [ '7.2.3' ],
56 silly audit   minimatch: [ '3.1.2' ],
56 silly audit   got: [ '6.7.1' ],
56 silly audit   'har-schema': [ '2.0.0' ],
56 silly audit   'global-dirs': [ '0.1.1' ],
56 silly audit   'has-symbols': [ '1.0.0' ],
56 silly audit   'graceful-fs': [ '4.2.10' ],
56 silly audit   'har-validator': [ '5.1.5' ],
56 silly audit   'json-schema-traverse': [ '0.4.1' ],
56 silly audit   ajv: [ '6.12.6' ],
56 silly audit   'fast-deep-equal': [ '3.1.3' ],
56 silly audit   has: [ '1.0.3' ],
56 silly audit   'hosted-git-info': [ '2.8.9' ],
56 silly audit   'http-cache-semantics': [ '3.8.1' ],
56 silly audit   'has-unicode': [ '2.0.1' ],
56 silly audit   'has-flag': [ '3.0.0' ],
56 silly audit   'https-proxy-agent': [ '2.2.4' ],
56 silly audit   'humanize-ms': [ '1.2.1' ],
56 silly audit   'http-proxy-agent': [ '2.1.0' ],
56 silly audit   'http-signature': [ '1.2.0' ],
56 silly audit   'iconv-lite': [ '0.4.23' ],
56 silly audit   'ignore-walk': [ '3.0.3' ],
56 silly audit   imurmurhash: [ '0.1.4' ],
56 silly audit   'infer-owner': [ '1.0.4' ],
56 silly audit   inherits: [ '2.0.4' ],
56 silly audit   'import-lazy': [ '2.1.0' ],
56 silly audit   inflight: [ '1.0.6' ],
56 silly audit   ip: [ '1.1.5' ],
56 silly audit   'ip-regex': [ '2.1.0' ],
56 silly audit   'init-package-json': [ '1.10.3' ],
56 silly audit   ini: [ '1.3.8' ],
56 silly audit   'is-ci': [ '1.2.1' ],
56 silly audit   'is-callable': [ '1.1.4' ],
56 silly audit   'is-date-object': [ '1.0.1' ],
56 silly audit   'is-cidr': [ '3.1.1' ],
56 silly audit   'is-obj': [ '1.0.1' ],
56 silly audit   'is-npm': [ '1.0.0' ],
56 silly audit   'is-installed-globally': [ '0.1.0' ],
56 silly audit   'is-redirect': [ '1.0.0' ],
56 silly audit   'is-regex': [ '1.0.4' ],
56 silly audit   'is-path-inside': [ '1.0.1' ],
56 silly audit   isarray: [ '1.0.0', '0.0.1' ],
56 silly audit   'is-retry-allowed': [ '1.2.0' ],
56 silly audit   'is-stream': [ '1.1.0' ],
56 silly audit   jsbn: [ '0.1.1' ],
56 silly audit   'is-symbol': [ '1.0.2' ],
56 silly audit   isexe: [ '2.0.0' ],
56 silly audit   'is-typedarray': [ '1.0.0' ],
56 silly audit   'json-parse-better-errors': [ '1.0.2' ],
56 silly audit   'json-schema': [ '0.4.0' ],
56 silly audit   'latest-version': [ '3.1.0' ],
56 silly audit   isstream: [ '0.1.2' ],
56 silly audit   'json-stringify-safe': [ '5.0.1' ],
56 silly audit   jsonparse: [ '1.3.1' ],
56 silly audit   'lazy-property': [ '1.0.0' ],
56 silly audit   jsprim: [ '1.4.2' ],
56 silly audit   'json-parse-even-better-errors': [ '2.3.1' ],
56 silly audit   libnpmaccess: [ '3.0.2' ],
56 silly audit   libcipm: [ '4.0.8' ],
56 silly audit   libnpmhook: [ '5.0.3' ],
56 silly audit   libnpmorg: [ '1.0.1' ],
56 silly audit   libnpmconfig: [ '1.2.1' ],
56 silly audit   'p-locate': [ '3.0.0' ],
56 silly audit   'find-up': [ '3.0.0' ],
56 silly audit   'locate-path': [ '3.0.0' ],
56 silly audit   'p-limit': [ '2.2.0', '2.3.0' ],
56 silly audit   'p-try': [ '2.2.0' ],
56 silly audit   libnpmsearch: [ '2.0.2' ],
56 silly audit   libnpm: [ '3.0.1' ],
56 silly audit   libnpmteam: [ '1.0.2' ],
56 silly audit   lockfile: [ '1.0.4' ],
56 silly audit   libnpmpublish: [ '1.1.2' ],
56 silly audit   'lodash._baseindexof': [ '3.1.0' ],
56 silly audit   'lock-verify': [ '2.2.2' ],
56 silly audit   'lodash._bindcallback': [ '3.0.1' ],
56 silly audit   libnpx: [ '10.2.4' ],
56 silly audit   'lodash._createcache': [ '3.1.2' ],
56 silly audit   'lodash._baseuniq': [ '4.6.0' ],
56 silly audit   'lodash._cacheindexof': [ '3.0.2' ],
56 silly audit   'lodash._root': [ '3.0.1' ],
56 silly audit   'lodash._createset': [ '4.0.3' ],
56 silly audit   'lodash.union': [ '4.6.0' ],
56 silly audit   'lodash._getnative': [ '3.9.1' ],
56 silly audit   'lodash.clonedeep': [ '4.5.0' ],
56 silly audit   'lodash.without': [ '4.4.0' ],
56 silly audit   'lodash.restparam': [ '3.6.1' ],
56 silly audit   'lodash.uniq': [ '4.5.0' ],
56 silly audit   'make-dir': [ '1.3.0' ],
56 silly audit   'lowercase-keys': [ '1.0.1' ],
56 silly audit   'mime-types': [ '2.1.19' ],
56 silly audit   'make-fetch-happen': [ '5.0.2' ],
56 silly audit   meant: [ '1.0.3' ],
56 silly audit   mkdirp: [ '0.5.6' ],
56 silly audit   'mime-db': [ '1.35.0' ],
56 silly audit   mississippi: [ '3.0.0' ],
56 silly audit   minimist: [ '1.2.6' ],
56 silly audit   'mute-stream': [ '0.0.7' ],
56 silly audit   minizlib: [ '1.3.3' ],
56 silly audit   'normalize-package-data': [ '2.5.0' ],
56 silly audit   resolve: [ '1.10.0' ],
56 silly audit   'node-fetch-npm': [ '2.0.2' ],
56 silly audit   'move-concurrently': [ '1.0.1' ],
56 silly audit   'node-gyp': [ '5.1.1' ],
56 silly audit   'npm-audit-report': [ '1.3.3' ],
56 silly audit   'npm-lifecycle': [ '3.1.5' ],
56 silly audit   'npm-bundled': [ '1.1.1' ],
56 silly audit   'npm-install-checks': [ '3.0.2' ],
56 silly audit   'npm-cache-filename': [ '1.0.2' ],
56 silly audit   nopt: [ '4.0.3' ],
56 silly audit   'npm-normalize-package-bin': [ '1.0.1' ],
56 silly audit   'npm-packlist': [ '1.4.8' ],
56 silly audit   'npm-logical-tree': [ '1.2.1' ],
56 silly audit   'npm-run-path': [ '2.0.2' ],
56 silly audit   'npm-package-arg': [ '6.1.1' ],
56 silly audit   'npm-profile': [ '4.0.4' ],
56 silly audit   'npm-registry-fetch': [ '4.0.7' ],
56 silly audit   'npm-user-validate': [ '1.0.1' ],
56 silly audit   'oauth-sign': [ '0.9.0' ],
56 silly audit   'npm-pick-manifest': [ '3.0.2' ],
56 silly audit   'number-is-nan': [ '1.0.1' ],
56 silly audit   npmlog: [ '4.1.2' ],
56 silly audit   'object.getownpropertydescriptors': [ '2.0.3' ],
56 silly audit   'object-keys': [ '1.0.12' ],
56 silly audit   'object-assign': [ '4.1.1' ],
56 silly audit   once: [ '1.4.0' ],
56 silly audit   opener: [ '1.5.2' ],
56 silly audit   'os-homedir': [ '1.0.2' ],
56 silly audit   'parallel-transform': [ '1.1.0' ],
56 silly audit   'os-tmpdir': [ '1.0.2' ],
56 silly audit   osenv: [ '0.1.5' ],
56 silly audit   pacote: [ '9.5.12' ],
56 silly audit   'p-finally': [ '1.0.0' ],
56 silly audit   'path-is-inside': [ '1.0.2' ],
56 silly audit   'package-json': [ '4.0.1' ],
56 silly audit   'path-is-absolute': [ '1.0.1' ],
56 silly audit   'path-exists': [ '3.0.0' ],
56 silly audit   'path-key': [ '2.0.1' ],
56 silly audit   'process-nextick-args': [ '2.0.0' ],
56 silly audit   pify: [ '3.0.0' ],
56 silly audit   'path-parse': [ '1.0.7' ],
56 silly audit   'promise-inflight': [ '1.0.1' ],
56 silly audit   'performance-now': [ '2.1.0' ],
56 silly audit   promzard: [ '0.3.0' ],
56 silly audit   prr: [ '1.0.1' ],
56 silly audit   'prepend-http': [ '1.0.4' ],
56 silly audit   'proto-list': [ '1.2.4' ],
56 silly audit   pseudomap: [ '1.0.2' ],
56 silly audit   pumpify: [ '1.5.1' ],
56 silly audit   pump: [ '2.0.1', '3.0.0' ],
56 silly audit   protoduck: [ '5.0.1' ],
56 silly audit   'promise-retry': [ '1.1.1' ],
56 silly audit   retry: [ '0.10.1', '0.12.0' ],
56 silly audit   psl: [ '1.9.0' ],
56 silly audit   'qrcode-terminal': [ '0.12.0' ],
56 silly audit   rc: [ '1.2.8' ],
56 silly audit   qs: [ '6.5.3' ],
56 silly audit   'query-string': [ '6.14.1' ],
56 silly audit   'read-package-tree': [ '5.3.1' ],
56 silly audit   'read-installed': [ '4.0.3' ],
56 silly audit   qw: [ '1.0.2' ],
56 silly audit   read: [ '1.0.7' ],
56 silly audit   'registry-auth-token': [ '3.4.0' ],
56 silly audit   'read-cmd-shim': [ '1.0.5' ],
56 silly audit   'readdir-scoped-modules': [ '1.1.0' ],
56 silly audit   'read-package-json': [ '2.1.2' ],
56 silly audit   'registry-url': [ '3.1.0' ],
56 silly audit   'require-main-filename': [ '2.0.0' ],
56 silly audit   rimraf: [ '2.7.1' ],
56 silly audit   request: [ '2.88.2' ],
56 silly audit   'require-directory': [ '2.1.1' ],
56 silly audit   'run-queue': [ '1.0.3' ],
56 silly audit   'safer-buffer': [ '2.1.2' ],
56 silly audit   'semver-diff': [ '2.1.0' ],
56 silly audit   'resolve-from': [ '4.0.0' ],
56 silly audit   'set-blocking': [ '2.0.0' ],
56 silly audit   semver: [ '5.7.1' ],
56 silly audit   slide: [ '1.1.6' ],
56 silly audit   sha: [ '3.0.0' ],
56 silly audit   'shebang-regex': [ '1.0.0' ],
56 silly audit   'signal-exit': [ '3.0.2' ],
56 silly audit   socks: [ '2.3.3' ],
56 silly audit   'shebang-command': [ '1.2.0' ],
56 silly audit   'smart-buffer': [ '4.1.0' ],
56 silly audit   'socks-proxy-agent': [ '4.0.2' ],
56 silly audit   'spdx-correct': [ '3.0.0' ],
56 silly audit   'sorted-union-stream': [ '2.1.3' ],
56 silly audit   'sorted-object': [ '2.0.1' ],
56 silly audit   'spdx-exceptions': [ '2.1.0' ],
56 silly audit   'spdx-license-ids': [ '3.0.5' ],
56 silly audit   sshpk: [ '1.17.0' ],
56 silly audit   'split-on-first': [ '1.1.0' ],
56 silly audit   'stream-iterate': [ '1.2.0' ],
56 silly audit   'spdx-expression-parse': [ '3.0.0' ],
56 silly audit   ssri: [ '6.0.2' ],
56 silly audit   'strict-uri-encode': [ '2.0.0' ],
56 silly audit   'stream-shift': [ '1.0.0' ],
56 silly audit   'stream-each': [ '1.2.2' ],
56 silly audit   'strip-eof': [ '1.0.0' ],
56 silly audit   tar: [ '4.4.19' ],
56 silly audit   'stringify-package': [ '1.0.1' ],
56 silly audit   'supports-color': [ '5.4.0' ],
56 silly audit   'timed-out': [ '4.0.1' ],
56 silly audit   'term-size': [ '1.2.0' ],
56 silly audit   'strip-json-comments': [ '2.0.1' ],
56 silly audit   through: [ '2.3.8' ],
56 silly audit   'text-table': [ '0.2.0' ],
56 silly audit   'tiny-relative-date': [ '1.3.0' ],
56 silly audit   'tunnel-agent': [ '0.6.0' ],
56 silly audit   'unique-filename': [ '1.1.1' ],
56 silly audit   'uid-number': [ '0.0.6' ],
56 silly audit   umask: [ '1.1.0' ],
56 silly audit   typedarray: [ '0.0.6' ],
56 silly audit   through2: [ '2.0.3' ],
56 silly audit   tweetnacl: [ '0.14.5' ],
56 silly audit   'unique-string': [ '1.0.0' ],
56 silly audit   unpipe: [ '1.0.0' ],
56 silly audit   'tough-cookie': [ '2.5.0' ],
56 silly audit   punycode: [ '2.1.1' ],
56 silly audit   'unique-slug': [ '2.0.0' ],
56 silly audit   'update-notifier': [ '2.5.0' ],
56 silly audit   'unzip-response': [ '2.0.1' ],
56 silly audit   'url-parse-lax': [ '1.0.0' ],
56 silly audit   'util-deprecate': [ '1.0.2' ],
56 silly audit   'uri-js': [ '4.4.1' ],
56 silly audit   'util-promisify': [ '2.1.0' ],
56 silly audit   'util-extend': [ '1.0.3' ],
56 silly audit   uuid: [ '3.4.0' ],
56 silly audit   'validate-npm-package-name': [ '3.0.0' ],
56 silly audit   verror: [ '1.10.0' ],
56 silly audit   'validate-npm-package-license': [ '3.0.4' ],
56 silly audit   which: [ '1.3.1' ],
56 silly audit   'which-module': [ '2.0.0' ],
56 silly audit   wcwidth: [ '1.0.1' ],
56 silly audit   'widest-line': [ '2.0.1' ],
56 silly audit   'worker-farm': [ '1.7.0' ],
56 silly audit   'write-file-atomic': [ '2.4.3' ],
56 silly audit   'wrap-ansi': [ '5.1.0' ],
56 silly audit   'wide-align': [ '1.1.2' ],
56 silly audit   xtend: [ '4.0.1' ],
56 silly audit   wrappy: [ '1.0.2' ],
56 silly audit   'xdg-basedir': [ '3.0.0' ],
56 silly audit   yargs: [ '14.2.3' ],
56 silly audit   y18n: [ '4.0.1' ],
56 silly audit   '@iarna/cli': [ '2.1.0' ],
56 silly audit   'yargs-parser': [ '15.0.1' ]
56 silly audit }
57 timing reify:unpack Completed in 1ms
58 timing reify:unretire Completed in 1ms
59 timing build:queue Completed in 12ms
60 timing build:link:node_modules/npm/node_modules/errno Completed in 56ms
61 timing build:link:node_modules/npm/node_modules/is-ci Completed in 57ms
62 timing build:link:node_modules/npm Completed in 57ms
63 timing build:link:node_modules/npm/node_modules/JSONStream Completed in 57ms
64 timing build:link:node_modules/npm/node_modules/lock-verify Completed in 57ms
65 timing build:link:node_modules/npm/node_modules/mkdirp Completed in 57ms
66 timing build:link:node_modules/npm/node_modules/node-gyp Completed in 56ms
67 timing build:link:node_modules/npm/node_modules/rc Completed in 56ms
68 timing build:link:node_modules/npm/node_modules/nopt Completed in 56ms
69 timing build:link:node_modules/npm/node_modules/qrcode-terminal Completed in 56ms
70 timing build:link:node_modules/npm/node_modules/rimraf Completed in 56ms
71 timing build:link:node_modules/npm/node_modules/opener Completed in 56ms
72 timing build:link:node_modules/npm/node_modules/semver Completed in 56ms
73 timing build:link:node_modules/npm/node_modules/which Completed in 57ms
74 timing build:link:node_modules/npm/node_modules/uuid Completed in 57ms
75 timing build:link:node_modules/npm/node_modules/sshpk Completed in 57ms
76 timing build:link Completed in 58ms
77 timing build:deps Completed in 71ms
78 timing build Completed in 72ms
79 timing reify:build Completed in 72ms
80 http fetch POST 200 https://registry.npmjs.org/-/npm/v1/security/advisories/bulk 230ms
81 timing auditReport:getReport Completed in 235ms
82 silly audit report {
82 silly audit report   'ansi-regex': [
82 silly audit report     {
82 silly audit report       id: 1091188,
82 silly audit report       url: 'https://github.com/advisories/GHSA-93q8-gq69-wqmw',
82 silly audit report       title: 'Inefficient Regular Expression Complexity in chalk/ansi-regex',
82 silly audit report       severity: 'high',
82 silly audit report       vulnerable_versions: '>=3.0.0 <3.0.1',
82 silly audit report       cwe: [Array],
82 silly audit report       cvss: [Object]
82 silly audit report     },
82 silly audit report     {
82 silly audit report       id: 1091189,
82 silly audit report       url: 'https://github.com/advisories/GHSA-93q8-gq69-wqmw',
82 silly audit report       title: 'Inefficient Regular Expression Complexity in chalk/ansi-regex',
82 silly audit report       severity: 'high',
82 silly audit report       vulnerable_versions: '>=4.0.0 <4.1.1',
82 silly audit report       cwe: [Array],
82 silly audit report       cvss: [Object]
82 silly audit report     }
82 silly audit report   ],
82 silly audit report   got: [
82 silly audit report     {
82 silly audit report       id: 1088948,
82 silly audit report       url: 'https://github.com/advisories/GHSA-pfrx-2q88-qq97',
82 silly audit report       title: 'Got allows a redirect to a UNIX socket',
82 silly audit report       severity: 'moderate',
82 silly audit report       vulnerable_versions: '<11.8.5',
82 silly audit report       cwe: [],
82 silly audit report       cvss: [Object]
82 silly audit report     }
82 silly audit report   ],
82 silly audit report   'http-cache-semantics': [
82 silly audit report     {
82 silly audit report       id: 1092316,
82 silly audit report       url: 'https://github.com/advisories/GHSA-rc47-6667-2j5j',
82 silly audit report       title: 'http-cache-semantics vulnerable to Regular Expression Denial of Service',
82 silly audit report       severity: 'high',
82 silly audit report       vulnerable_versions: '<4.1.1',
82 silly audit report       cwe: [Array],
82 silly audit report       cvss: [Object]
82 silly audit report     }
82 silly audit report   ],
82 silly audit report   request: [
82 silly audit report     {
82 silly audit report       id: 1092826,
82 silly audit report       url: 'https://github.com/advisories/GHSA-p8p7-x288-28g6',
82 silly audit report       title: 'Server-Side Request Forgery in Request',
82 silly audit report       severity: 'moderate',
82 silly audit report       vulnerable_versions: '<=2.88.2',
82 silly audit report       cwe: [Array],
82 silly audit report       cvss: [Object]
82 silly audit report     }
82 silly audit report   ],
82 silly audit report   semver: [
82 silly audit report     {
82 silly audit report       id: 1092459,
82 silly audit report       url: 'https://github.com/advisories/GHSA-c2qf-rxjj-qqgw',
82 silly audit report       title: 'semver vulnerable to Regular Expression Denial of Service',
82 silly audit report       severity: 'moderate',
82 silly audit report       vulnerable_versions: '<5.7.2',
82 silly audit report       cwe: [Array],
82 silly audit report       cvss: [Object]
82 silly audit report     }
82 silly audit report   ],
82 silly audit report   'tough-cookie': [
82 silly audit report     {
82 silly audit report       id: 1092470,
82 silly audit report       url: 'https://github.com/advisories/GHSA-72xf-g2v4-qvf3',
82 silly audit report       title: 'tough-cookie Prototype Pollution vulnerability',
82 silly audit report       severity: 'moderate',
82 silly audit report       vulnerable_versions: '<4.1.3',
82 silly audit report       cwe: [Array],
82 silly audit report       cvss: [Object]
82 silly audit report     }
82 silly audit report   ]
82 silly audit report }
83 timing metavuln:cache:get:security-advisory:ansi-regex:oo1ZSOgPmBNsdq+tLSA341xHifWwQU6th08IU/x3kNbL4DHpTz28KaE8zaIb9xCcd5mWTWr0I78I8p0iMfe+lw== Completed in 12ms
84 timing metavuln:cache:get:security-advisory:got:6RwqOtyKHRfIYfVtDkU86+jmAkm03OLYFGvOQUWcpuzfU8h8RNz3w5ZFTGeJ+8QNC0jGK3xFL9UvdqMN+kLCrg== Completed in 12ms
85 timing metavuln:cache:get:security-advisory:ansi-regex:kZoPU7DsYWQg5RDm3Af4PjMM/cZa14RCuvzcVx6EiJboxeFKQi+v9rH7GotI1GI9/6vmMBGMEEbam4Uap9VHqQ== Completed in 12ms
86 timing metavuln:cache:get:security-advisory:http-cache-semantics:Lj4BVBzjL9z/yYrUmXKlt+AedaadCaX7vOwcAE96kXPxTXXWmT7zHc8YpCPtf9dP/zBv7FXnazU79DimDkdYmg== Completed in 11ms
87 timing metavuln:cache:get:security-advisory:request:Ca2uqfGo+zfPNulYPEnfaKO3u0vg8a43b2ndvJR33ZOCrpemMUOu67tQTL8Hs3HCX0alMzoy2sTlcAAc/nTrzA== Completed in 11ms
88 timing metavuln:cache:get:security-advisory:semver:4rAGLI77ah4GjE+TMeF3bs1i2q5PTlh8Yy3a788BL+nsbnDjtFmvZQR4wF1DxsFHGN6S44lxm3JWgPb3W5s30Q== Completed in 11ms
89 timing metavuln:cache:get:security-advisory:tough-cookie:VNuwVxANcCKf9fmuD0Vt2V7tyUFg0MOcTBXo66LvguhCeFU0pqdKjCffmtFFsDUZMFdCTHimURRZB0jVSz1wRg== Completed in 10ms
90 timing reify:trash Completed in 207ms
91 http fetch GET 200 https://registry.npmjs.org/got 73ms (cache miss)
92 timing metavuln:packument:got Completed in 75ms
93 timing metavuln:load:security-advisory:got:1088948 Completed in 6ms
94 http fetch GET 200 https://registry.npmjs.org/request 82ms (cache miss)
95 timing metavuln:packument:request Completed in 83ms
96 timing metavuln:load:security-advisory:request:1092826 Completed in 3ms
97 http fetch GET 200 https://registry.npmjs.org/ansi-regex 92ms (cache revalidated)
98 timing metavuln:packument:ansi-regex Completed in 92ms
99 timing metavuln:load:security-advisory:ansi-regex:1091188 Completed in 0ms
100 timing metavuln:load:security-advisory:ansi-regex:1091189 Completed in 0ms
101 http fetch GET 200 https://registry.npmjs.org/http-cache-semantics 93ms (cache revalidated)
102 timing metavuln:packument:http-cache-semantics Completed in 94ms
103 timing metavuln:load:security-advisory:http-cache-semantics:1092316 Completed in 0ms
104 timing metavuln:cache:put:security-advisory:request:Ca2uqfGo+zfPNulYPEnfaKO3u0vg8a43b2ndvJR33ZOCrpemMUOu67tQTL8Hs3HCX0alMzoy2sTlcAAc/nTrzA== Completed in 11ms
105 timing metavuln:calculate:security-advisory:request:1092826 Completed in 97ms
106 timing metavuln:cache:put:security-advisory:got:6RwqOtyKHRfIYfVtDkU86+jmAkm03OLYFGvOQUWcpuzfU8h8RNz3w5ZFTGeJ+8QNC0jGK3xFL9UvdqMN+kLCrg== Completed in 16ms
107 timing metavuln:calculate:security-advisory:got:1088948 Completed in 98ms
108 timing metavuln:cache:put:security-advisory:ansi-regex:oo1ZSOgPmBNsdq+tLSA341xHifWwQU6th08IU/x3kNbL4DHpTz28KaE8zaIb9xCcd5mWTWr0I78I8p0iMfe+lw== Completed in 10ms
109 timing metavuln:calculate:security-advisory:ansi-regex:1091188 Completed in 102ms
110 timing metavuln:cache:put:security-advisory:http-cache-semantics:Lj4BVBzjL9z/yYrUmXKlt+AedaadCaX7vOwcAE96kXPxTXXWmT7zHc8YpCPtf9dP/zBv7FXnazU79DimDkdYmg== Completed in 11ms
111 timing metavuln:calculate:security-advisory:http-cache-semantics:1092316 Completed in 105ms
112 timing metavuln:cache:put:security-advisory:ansi-regex:kZoPU7DsYWQg5RDm3Af4PjMM/cZa14RCuvzcVx6EiJboxeFKQi+v9rH7GotI1GI9/6vmMBGMEEbam4Uap9VHqQ== Completed in 14ms
113 timing metavuln:calculate:security-advisory:ansi-regex:1091189 Completed in 107ms
114 http fetch GET 200 https://registry.npmjs.org/semver 106ms (cache revalidated)
115 timing metavuln:packument:semver Completed in 107ms
116 timing metavuln:load:security-advisory:semver:1092459 Completed in 1ms
117 timing metavuln:cache:put:security-advisory:semver:4rAGLI77ah4GjE+TMeF3bs1i2q5PTlh8Yy3a788BL+nsbnDjtFmvZQR4wF1DxsFHGN6S44lxm3JWgPb3W5s30Q== Completed in 8ms
118 timing metavuln:calculate:security-advisory:semver:1092459 Completed in 116ms
119 http fetch GET 200 https://registry.npmjs.org/tough-cookie 116ms (cache miss)
120 timing metavuln:packument:tough-cookie Completed in 116ms
121 timing metavuln:load:security-advisory:tough-cookie:1092470 Completed in 2ms
122 timing metavuln:cache:put:security-advisory:tough-cookie:VNuwVxANcCKf9fmuD0Vt2V7tyUFg0MOcTBXo66LvguhCeFU0pqdKjCffmtFFsDUZMFdCTHimURRZB0jVSz1wRg== Completed in 9ms
123 timing metavuln:calculate:security-advisory:tough-cookie:1092470 Completed in 127ms
124 timing metavuln:cache:get:security-advisory:strip-ansi:R9eGhBaRhQAKHASRzX88H2AmoV7EEzasg5A43U/RgaOhz0tv4AT4/b4gw7fsbZ/nrnn2j5DaLEu8vdzOfPTXbQ== Completed in 1ms
125 http fetch GET 200 https://registry.npmjs.org/strip-ansi 43ms (cache revalidated)
126 timing metavuln:packument:strip-ansi Completed in 43ms
127 timing metavuln:load:security-advisory:strip-ansi:oo1ZSOgPmBNsdq+tLSA341xHifWwQU6th08IU/x3kNbL4DHpTz28KaE8zaIb9xCcd5mWTWr0I78I8p0iMfe+lw== Completed in 2ms
128 timing metavuln:cache:put:security-advisory:strip-ansi:R9eGhBaRhQAKHASRzX88H2AmoV7EEzasg5A43U/RgaOhz0tv4AT4/b4gw7fsbZ/nrnn2j5DaLEu8vdzOfPTXbQ== Completed in 9ms
129 timing metavuln:calculate:security-advisory:strip-ansi:oo1ZSOgPmBNsdq+tLSA341xHifWwQU6th08IU/x3kNbL4DHpTz28KaE8zaIb9xCcd5mWTWr0I78I8p0iMfe+lw== Completed in 54ms
130 timing metavuln:cache:get:security-advisory:strip-ansi:oMc7Nrt2xHnfPDGdYett41vVWQODY5DZvWJj0a9/A74nhuVLXHD7vOTcIiamQIByURe2dRJR+HKhyqouZXBQxQ== Completed in 0ms
131 timing metavuln:load:security-advisory:strip-ansi:kZoPU7DsYWQg5RDm3Af4PjMM/cZa14RCuvzcVx6EiJboxeFKQi+v9rH7GotI1GI9/6vmMBGMEEbam4Uap9VHqQ== Completed in 1ms
132 timing metavuln:cache:put:security-advisory:strip-ansi:oMc7Nrt2xHnfPDGdYett41vVWQODY5DZvWJj0a9/A74nhuVLXHD7vOTcIiamQIByURe2dRJR+HKhyqouZXBQxQ== Completed in 9ms
133 timing metavuln:calculate:security-advisory:strip-ansi:kZoPU7DsYWQg5RDm3Af4PjMM/cZa14RCuvzcVx6EiJboxeFKQi+v9rH7GotI1GI9/6vmMBGMEEbam4Uap9VHqQ== Completed in 10ms
134 timing metavuln:cache:get:security-advisory:package-json:cXSOzFEMMrNmriTdTGZCU6xykKZ0LsIH6Aen5R37rgyTgB4yHl2T+r1Q/nhFOu5TIllPmEKmLe6MLJw1CYwPAg== Completed in 3ms
135 http fetch GET 200 https://registry.npmjs.org/package-json 50ms (cache miss)
136 timing metavuln:packument:package-json Completed in 51ms
137 timing metavuln:load:security-advisory:package-json:6RwqOtyKHRfIYfVtDkU86+jmAkm03OLYFGvOQUWcpuzfU8h8RNz3w5ZFTGeJ+8QNC0jGK3xFL9UvdqMN+kLCrg== Completed in 9ms
138 timing metavuln:cache:put:security-advisory:package-json:cXSOzFEMMrNmriTdTGZCU6xykKZ0LsIH6Aen5R37rgyTgB4yHl2T+r1Q/nhFOu5TIllPmEKmLe6MLJw1CYwPAg== Completed in 10ms
139 timing metavuln:calculate:security-advisory:package-json:6RwqOtyKHRfIYfVtDkU86+jmAkm03OLYFGvOQUWcpuzfU8h8RNz3w5ZFTGeJ+8QNC0jGK3xFL9UvdqMN+kLCrg== Completed in 70ms
140 timing metavuln:cache:get:security-advisory:make-fetch-happen:5UBCnL1cS8L18+XH8IEqkATgxnguqkAmVxsEIu0Hqy6pQriMsb7AIhNoul3E8MTZTWhqtZ+t1FHXSNCFoCh8DA== Completed in 1ms
141 http fetch GET 200 https://registry.npmjs.org/make-fetch-happen 52ms (cache revalidated)
142 timing metavuln:packument:make-fetch-happen Completed in 53ms
143 timing metavuln:load:security-advisory:make-fetch-happen:Lj4BVBzjL9z/yYrUmXKlt+AedaadCaX7vOwcAE96kXPxTXXWmT7zHc8YpCPtf9dP/zBv7FXnazU79DimDkdYmg== Completed in 2ms
144 timing metavuln:cache:put:security-advisory:make-fetch-happen:5UBCnL1cS8L18+XH8IEqkATgxnguqkAmVxsEIu0Hqy6pQriMsb7AIhNoul3E8MTZTWhqtZ+t1FHXSNCFoCh8DA== Completed in 9ms
145 timing metavuln:calculate:security-advisory:make-fetch-happen:Lj4BVBzjL9z/yYrUmXKlt+AedaadCaX7vOwcAE96kXPxTXXWmT7zHc8YpCPtf9dP/zBv7FXnazU79DimDkdYmg== Completed in 64ms
146 timing metavuln:cache:get:security-advisory:node-gyp:8ByEoOmtP0zAd95+I6k5u19718RcQoBFVeplBw33tEv7rupif6S9wOlcYco3SwlSS7znWlQuBc2Q20om5DJU3Q== Completed in 8ms
147 http fetch GET 200 https://registry.npmjs.org/node-gyp 45ms (cache revalidated)
148 timing metavuln:packument:node-gyp Completed in 46ms
149 timing metavuln:load:security-advisory:node-gyp:Ca2uqfGo+zfPNulYPEnfaKO3u0vg8a43b2ndvJR33ZOCrpemMUOu67tQTL8Hs3HCX0alMzoy2sTlcAAc/nTrzA== Completed in 11ms
150 timing metavuln:cache:put:security-advisory:node-gyp:8ByEoOmtP0zAd95+I6k5u19718RcQoBFVeplBw33tEv7rupif6S9wOlcYco3SwlSS7znWlQuBc2Q20om5DJU3Q== Completed in 10ms
151 timing metavuln:calculate:security-advisory:node-gyp:Ca2uqfGo+zfPNulYPEnfaKO3u0vg8a43b2ndvJR33ZOCrpemMUOu67tQTL8Hs3HCX0alMzoy2sTlcAAc/nTrzA== Completed in 68ms
152 timing metavuln:cache:get:security-advisory:init-package-json:Yit6hFIMV27bEdlqaEaggWP+BddDcnwxCCiujFjsqrZxP6gCph8ttLKDc51GugkHS/BWjgxPbNPr5uGBq1XMng== Completed in 6ms
153 timing metavuln:cache:get:security-advisory:libnpmpublish:UFjiBL7MiRJPbK5qdAwsurttkyDrevWanaJSbyiWpbv4D054hUkKKurv18DxHvak8tQK+Ge2qoeTAtWN9fn9gg== Completed in 6ms
154 timing metavuln:cache:get:security-advisory:lock-verify:7IBreFkvzRydUT+V9FHyrk2hlLEH89GeMAg4Ub5TjkqD36wkNF5uS/sYOhI528I3WC2F9Lvy/EcCG1wucnRTNg== Completed in 6ms
155 timing metavuln:cache:get:security-advisory:normalize-package-data:8eWwIKFH7IilDBzYfJAJxbwIDjhmrinpdZl/Xall/sD1pMm52Waz3t0nhseII+xB4GnzOVDcsVOs7iwNF38h0g== Completed in 6ms
156 timing metavuln:cache:get:security-advisory:node-gyp:kGR0sHxDRwJy8YF3uvv2t3nSl9WK5YkZvKaESjq7vxKRaTDa2rx6Y/cDWCRYcH80yPIGTuX+Kpm5e1wMLA+29g== Completed in 6ms
157 timing metavuln:load:security-advisory:node-gyp:4rAGLI77ah4GjE+TMeF3bs1i2q5PTlh8Yy3a788BL+nsbnDjtFmvZQR4wF1DxsFHGN6S44lxm3JWgPb3W5s30Q== Completed in 7ms
158 timing metavuln:cache:get:security-advisory:npm-install-checks:s9SI4VSdWc3pv8vynBALE7LhlkelqIZlDGUZHWqZ5xNZKrd4+DZGhWMZJrHTRrYfoG4G/TuiYuMbmzBm+QaA4Q== Completed in 14ms
159 timing metavuln:cache:get:security-advisory:npm-package-arg:BCtbJtYQpAwggSMdXrrp+sEvIJNQ0t/sre/az1RVP3MkVTN3+tu0MYnuO1uOVS2ZtsZ5BUfySeqeVyN6bQqYYg== Completed in 13ms
160 timing metavuln:cache:get:security-advisory:npm-pick-manifest:LIoo5f54EFr8WEQLJm7Ks733dKFcNrrrcSl2lUZnHqAR+k9MUKscg7nalhJqLqRC7ZN3YIXHqZ2hekOg5/KqVg== Completed in 13ms
161 timing metavuln:cache:get:security-advisory:pacote:7F2SaIX1bCxLbbgJpleAv4fkjKQydAxBSH4+cVw+2rHys+7byB3F5sg7KKMzXZmy0ReXVCHFeG6qTqZ3RiX6AQ== Completed in 13ms
162 timing metavuln:cache:get:security-advisory:package-json:uQBVVwRClt6l05+r2n6tF98S3HwYIctN1pk2oE6gxvXDCUiA+8qe9fg1B8af8IYaNb6D9RkSfqYPg6zLanvUJw== Completed in 12ms
163 timing metavuln:load:security-advisory:package-json:4rAGLI77ah4GjE+TMeF3bs1i2q5PTlh8Yy3a788BL+nsbnDjtFmvZQR4wF1DxsFHGN6S44lxm3JWgPb3W5s30Q== Completed in 1ms
164 timing metavuln:cache:get:security-advisory:read-installed:gBqgwjFh6KvFaT0nSLaTwzZQ9LU2HVDparcC4jn1AyT/DHeb2nfH3SU5V7qVzrTSKmpxgq03r5wQ0OvyYZey2g== Completed in 14ms
165 timing metavuln:cache:get:security-advisory:semver-diff:NXtRuf6byylXOGNhGtEANGN6JegSTkwiIc7/oWgUDr/hbUyWJEpA8goX5pQHEh+PqfHYD4ua9mR64k4gqEWVuA== Completed in 13ms
166 timing metavuln:cache:put:security-advisory:node-gyp:kGR0sHxDRwJy8YF3uvv2t3nSl9WK5YkZvKaESjq7vxKRaTDa2rx6Y/cDWCRYcH80yPIGTuX+Kpm5e1wMLA+29g== Completed in 177ms
167 timing metavuln:calculate:security-advisory:node-gyp:4rAGLI77ah4GjE+TMeF3bs1i2q5PTlh8Yy3a788BL+nsbnDjtFmvZQR4wF1DxsFHGN6S44lxm3JWgPb3W5s30Q== Completed in 190ms
168 timing metavuln:cache:put:security-advisory:package-json:uQBVVwRClt6l05+r2n6tF98S3HwYIctN1pk2oE6gxvXDCUiA+8qe9fg1B8af8IYaNb6D9RkSfqYPg6zLanvUJw== Completed in 175ms
169 timing metavuln:calculate:security-advisory:package-json:4rAGLI77ah4GjE+TMeF3bs1i2q5PTlh8Yy3a788BL+nsbnDjtFmvZQR4wF1DxsFHGN6S44lxm3JWgPb3W5s30Q== Completed in 188ms
170 http fetch GET 200 https://registry.npmjs.org/lock-verify 200ms (cache miss)
171 timing metavuln:packument:lock-verify Completed in 200ms
172 timing metavuln:load:security-advisory:lock-verify:4rAGLI77ah4GjE+TMeF3bs1i2q5PTlh8Yy3a788BL+nsbnDjtFmvZQR4wF1DxsFHGN6S44lxm3JWgPb3W5s30Q== Completed in 0ms
173 http fetch GET 200 https://registry.npmjs.org/semver-diff 198ms (cache miss)
174 timing metavuln:packument:semver-diff Completed in 198ms
175 timing metavuln:load:security-advisory:semver-diff:4rAGLI77ah4GjE+TMeF3bs1i2q5PTlh8Yy3a788BL+nsbnDjtFmvZQR4wF1DxsFHGN6S44lxm3JWgPb3W5s30Q== Completed in 2ms
176 http fetch GET 200 https://registry.npmjs.org/init-package-json 204ms (cache miss)
177 timing metavuln:packument:init-package-json Completed in 205ms
178 timing metavuln:load:security-advisory:init-package-json:4rAGLI77ah4GjE+TMeF3bs1i2q5PTlh8Yy3a788BL+nsbnDjtFmvZQR4wF1DxsFHGN6S44lxm3JWgPb3W5s30Q== Completed in 2ms
179 http fetch GET 200 https://registry.npmjs.org/read-installed 204ms (cache miss)
180 timing metavuln:packument:read-installed Completed in 204ms
181 timing metavuln:load:security-advisory:read-installed:4rAGLI77ah4GjE+TMeF3bs1i2q5PTlh8Yy3a788BL+nsbnDjtFmvZQR4wF1DxsFHGN6S44lxm3JWgPb3W5s30Q== Completed in 6ms
182 http fetch GET 200 https://registry.npmjs.org/npm-package-arg 217ms (cache revalidated)
183 timing metavuln:packument:npm-package-arg Completed in 218ms
184 timing metavuln:load:security-advisory:npm-package-arg:4rAGLI77ah4GjE+TMeF3bs1i2q5PTlh8Yy3a788BL+nsbnDjtFmvZQR4wF1DxsFHGN6S44lxm3JWgPb3W5s30Q== Completed in 5ms
185 http fetch GET 200 https://registry.npmjs.org/npm-install-checks 227ms (cache revalidated)
186 timing metavuln:packument:npm-install-checks Completed in 227ms
187 timing metavuln:load:security-advisory:npm-install-checks:4rAGLI77ah4GjE+TMeF3bs1i2q5PTlh8Yy3a788BL+nsbnDjtFmvZQR4wF1DxsFHGN6S44lxm3JWgPb3W5s30Q== Completed in 2ms
188 timing metavuln:cache:put:security-advisory:read-installed:gBqgwjFh6KvFaT0nSLaTwzZQ9LU2HVDparcC4jn1AyT/DHeb2nfH3SU5V7qVzrTSKmpxgq03r5wQ0OvyYZey2g== Completed in 20ms
189 timing metavuln:calculate:security-advisory:read-installed:4rAGLI77ah4GjE+TMeF3bs1i2q5PTlh8Yy3a788BL+nsbnDjtFmvZQR4wF1DxsFHGN6S44lxm3JWgPb3W5s30Q== Completed in 230ms
190 timing metavuln:cache:put:security-advisory:lock-verify:7IBreFkvzRydUT+V9FHyrk2hlLEH89GeMAg4Ub5TjkqD36wkNF5uS/sYOhI528I3WC2F9Lvy/EcCG1wucnRTNg== Completed in 32ms
191 timing metavuln:calculate:security-advisory:lock-verify:4rAGLI77ah4GjE+TMeF3bs1i2q5PTlh8Yy3a788BL+nsbnDjtFmvZQR4wF1DxsFHGN6S44lxm3JWgPb3W5s30Q== Completed in 232ms
192 timing metavuln:cache:put:security-advisory:semver-diff:NXtRuf6byylXOGNhGtEANGN6JegSTkwiIc7/oWgUDr/hbUyWJEpA8goX5pQHEh+PqfHYD4ua9mR64k4gqEWVuA== Completed in 29ms
193 timing metavuln:calculate:security-advisory:semver-diff:4rAGLI77ah4GjE+TMeF3bs1i2q5PTlh8Yy3a788BL+nsbnDjtFmvZQR4wF1DxsFHGN6S44lxm3JWgPb3W5s30Q== Completed in 229ms
194 http fetch GET 200 https://registry.npmjs.org/libnpmpublish 234ms (cache miss)
195 timing metavuln:packument:libnpmpublish Completed in 235ms
196 timing metavuln:load:security-advisory:libnpmpublish:4rAGLI77ah4GjE+TMeF3bs1i2q5PTlh8Yy3a788BL+nsbnDjtFmvZQR4wF1DxsFHGN6S44lxm3JWgPb3W5s30Q== Completed in 3ms
197 timing metavuln:cache:put:security-advisory:init-package-json:Yit6hFIMV27bEdlqaEaggWP+BddDcnwxCCiujFjsqrZxP6gCph8ttLKDc51GugkHS/BWjgxPbNPr5uGBq1XMng== Completed in 32ms
198 timing metavuln:calculate:security-advisory:init-package-json:4rAGLI77ah4GjE+TMeF3bs1i2q5PTlh8Yy3a788BL+nsbnDjtFmvZQR4wF1DxsFHGN6S44lxm3JWgPb3W5s30Q== Completed in 239ms
199 http fetch GET 200 https://registry.npmjs.org/normalize-package-data 238ms (cache revalidated)
200 timing metavuln:packument:normalize-package-data Completed in 239ms
201 timing metavuln:load:security-advisory:normalize-package-data:4rAGLI77ah4GjE+TMeF3bs1i2q5PTlh8Yy3a788BL+nsbnDjtFmvZQR4wF1DxsFHGN6S44lxm3JWgPb3W5s30Q== Completed in 1ms
202 http fetch GET 200 https://registry.npmjs.org/pacote 241ms (cache revalidated)
203 timing metavuln:packument:pacote Completed in 244ms
204 timing metavuln:load:security-advisory:pacote:4rAGLI77ah4GjE+TMeF3bs1i2q5PTlh8Yy3a788BL+nsbnDjtFmvZQR4wF1DxsFHGN6S44lxm3JWgPb3W5s30Q== Completed in 2ms
205 timing metavuln:cache:put:security-advisory:npm-package-arg:BCtbJtYQpAwggSMdXrrp+sEvIJNQ0t/sre/az1RVP3MkVTN3+tu0MYnuO1uOVS2ZtsZ5BUfySeqeVyN6bQqYYg== Completed in 26ms
206 timing metavuln:calculate:security-advisory:npm-package-arg:4rAGLI77ah4GjE+TMeF3bs1i2q5PTlh8Yy3a788BL+nsbnDjtFmvZQR4wF1DxsFHGN6S44lxm3JWgPb3W5s30Q== Completed in 249ms
207 timing metavuln:cache:put:security-advisory:npm-install-checks:s9SI4VSdWc3pv8vynBALE7LhlkelqIZlDGUZHWqZ5xNZKrd4+DZGhWMZJrHTRrYfoG4G/TuiYuMbmzBm+QaA4Q== Completed in 22ms
208 timing metavuln:calculate:security-advisory:npm-install-checks:4rAGLI77ah4GjE+TMeF3bs1i2q5PTlh8Yy3a788BL+nsbnDjtFmvZQR4wF1DxsFHGN6S44lxm3JWgPb3W5s30Q== Completed in 251ms
209 http fetch GET 200 https://registry.npmjs.org/npm-pick-manifest 251ms (cache revalidated)
210 timing metavuln:packument:npm-pick-manifest Completed in 252ms
211 timing metavuln:load:security-advisory:npm-pick-manifest:4rAGLI77ah4GjE+TMeF3bs1i2q5PTlh8Yy3a788BL+nsbnDjtFmvZQR4wF1DxsFHGN6S44lxm3JWgPb3W5s30Q== Completed in 0ms
212 timing metavuln:cache:put:security-advisory:libnpmpublish:UFjiBL7MiRJPbK5qdAwsurttkyDrevWanaJSbyiWpbv4D054hUkKKurv18DxHvak8tQK+Ge2qoeTAtWN9fn9gg== Completed in 16ms
213 timing metavuln:calculate:security-advisory:libnpmpublish:4rAGLI77ah4GjE+TMeF3bs1i2q5PTlh8Yy3a788BL+nsbnDjtFmvZQR4wF1DxsFHGN6S44lxm3JWgPb3W5s30Q== Completed in 255ms
214 timing metavuln:cache:put:security-advisory:normalize-package-data:8eWwIKFH7IilDBzYfJAJxbwIDjhmrinpdZl/Xall/sD1pMm52Waz3t0nhseII+xB4GnzOVDcsVOs7iwNF38h0g== Completed in 14ms
215 timing metavuln:calculate:security-advisory:normalize-package-data:4rAGLI77ah4GjE+TMeF3bs1i2q5PTlh8Yy3a788BL+nsbnDjtFmvZQR4wF1DxsFHGN6S44lxm3JWgPb3W5s30Q== Completed in 254ms
216 timing metavuln:cache:put:security-advisory:pacote:7F2SaIX1bCxLbbgJpleAv4fkjKQydAxBSH4+cVw+2rHys+7byB3F5sg7KKMzXZmy0ReXVCHFeG6qTqZ3RiX6AQ== Completed in 13ms
217 timing metavuln:calculate:security-advisory:pacote:4rAGLI77ah4GjE+TMeF3bs1i2q5PTlh8Yy3a788BL+nsbnDjtFmvZQR4wF1DxsFHGN6S44lxm3JWgPb3W5s30Q== Completed in 259ms
218 timing metavuln:cache:put:security-advisory:npm-pick-manifest:LIoo5f54EFr8WEQLJm7Ks733dKFcNrrrcSl2lUZnHqAR+k9MUKscg7nalhJqLqRC7ZN3YIXHqZ2hekOg5/KqVg== Completed in 10ms
219 timing metavuln:calculate:security-advisory:npm-pick-manifest:4rAGLI77ah4GjE+TMeF3bs1i2q5PTlh8Yy3a788BL+nsbnDjtFmvZQR4wF1DxsFHGN6S44lxm3JWgPb3W5s30Q== Completed in 262ms
220 timing metavuln:cache:get:security-advisory:request:ha9I6cGuLN/1vrRjDs9jKCHGoyshzsZrn3liVXlwfWRxB2E/mWSVQsFkapkL7FqkKtl0mJVld9k3Junaf5/m0g== Completed in 0ms
221 timing metavuln:load:security-advisory:request:VNuwVxANcCKf9fmuD0Vt2V7tyUFg0MOcTBXo66LvguhCeFU0pqdKjCffmtFFsDUZMFdCTHimURRZB0jVSz1wRg== Completed in 4ms
222 timing metavuln:cache:put:security-advisory:request:ha9I6cGuLN/1vrRjDs9jKCHGoyshzsZrn3liVXlwfWRxB2E/mWSVQsFkapkL7FqkKtl0mJVld9k3Junaf5/m0g== Completed in 9ms
223 timing metavuln:calculate:security-advisory:request:VNuwVxANcCKf9fmuD0Vt2V7tyUFg0MOcTBXo66LvguhCeFU0pqdKjCffmtFFsDUZMFdCTHimURRZB0jVSz1wRg== Completed in 13ms
224 timing metavuln:cache:get:security-advisory:latest-version:es7CtX39oUDG5qiC5N7RyNR+LcR5XTl5nZh1BTpAbdpM+BqpiWX17D0lUoxjGYIQa4jQBuPoFrAuzNJTTCSDUg== Completed in 1ms
225 http fetch GET 200 https://registry.npmjs.org/latest-version 59ms (cache miss)
226 timing metavuln:packument:latest-version Completed in 59ms
227 timing metavuln:load:security-advisory:latest-version:cXSOzFEMMrNmriTdTGZCU6xykKZ0LsIH6Aen5R37rgyTgB4yHl2T+r1Q/nhFOu5TIllPmEKmLe6MLJw1CYwPAg== Completed in 2ms
228 timing metavuln:cache:put:security-advisory:latest-version:es7CtX39oUDG5qiC5N7RyNR+LcR5XTl5nZh1BTpAbdpM+BqpiWX17D0lUoxjGYIQa4jQBuPoFrAuzNJTTCSDUg== Completed in 8ms
229 timing metavuln:calculate:security-advisory:latest-version:cXSOzFEMMrNmriTdTGZCU6xykKZ0LsIH6Aen5R37rgyTgB4yHl2T+r1Q/nhFOu5TIllPmEKmLe6MLJw1CYwPAg== Completed in 69ms
230 timing metavuln:cache:get:security-advisory:npm-registry-fetch:JsDovj12wWys3LNEltCIN+yUT0JPOu+E/IKYbB8ufcGE+LDwa53BAO02L9fCh5/vR0qfYVmDu0BwIQtVZp5uzg== Completed in 1ms
231 timing metavuln:cache:get:security-advisory:pacote:nif3FzNP+iOoePWlXG9oUklUAd6iBcwh/Z7eMHXiG2QMu5nIru0i2XPeSqlyBcxb4Ze1Tyv+oDZT2hUeiJMqPw== Completed in 0ms
232 timing metavuln:load:security-advisory:pacote:5UBCnL1cS8L18+XH8IEqkATgxnguqkAmVxsEIu0Hqy6pQriMsb7AIhNoul3E8MTZTWhqtZ+t1FHXSNCFoCh8DA== Completed in 12ms
233 timing metavuln:cache:put:security-advisory:pacote:nif3FzNP+iOoePWlXG9oUklUAd6iBcwh/Z7eMHXiG2QMu5nIru0i2XPeSqlyBcxb4Ze1Tyv+oDZT2hUeiJMqPw== Completed in 12ms
234 timing metavuln:calculate:security-advisory:pacote:5UBCnL1cS8L18+XH8IEqkATgxnguqkAmVxsEIu0Hqy6pQriMsb7AIhNoul3E8MTZTWhqtZ+t1FHXSNCFoCh8DA== Completed in 25ms
235 http fetch GET 200 https://registry.npmjs.org/npm-registry-fetch 63ms (cache revalidated)
236 timing metavuln:packument:npm-registry-fetch Completed in 65ms
237 timing metavuln:load:security-advisory:npm-registry-fetch:5UBCnL1cS8L18+XH8IEqkATgxnguqkAmVxsEIu0Hqy6pQriMsb7AIhNoul3E8MTZTWhqtZ+t1FHXSNCFoCh8DA== Completed in 4ms
238 timing metavuln:cache:put:security-advisory:npm-registry-fetch:JsDovj12wWys3LNEltCIN+yUT0JPOu+E/IKYbB8ufcGE+LDwa53BAO02L9fCh5/vR0qfYVmDu0BwIQtVZp5uzg== Completed in 11ms
239 timing metavuln:calculate:security-advisory:npm-registry-fetch:5UBCnL1cS8L18+XH8IEqkATgxnguqkAmVxsEIu0Hqy6pQriMsb7AIhNoul3E8MTZTWhqtZ+t1FHXSNCFoCh8DA== Completed in 80ms
240 timing metavuln:cache:get:security-advisory:npm-lifecycle:BvKLrAJDVrcG5rzkm40VD0dkR6K1VXNqMoSdL7VRF9f+OlH9rXn96ZHzzW2Be7fFjL7mJWJpK1d/BmGAMDj23w== Completed in 3ms
241 http fetch GET 200 https://registry.npmjs.org/npm-lifecycle 56ms (cache miss)
242 timing metavuln:packument:npm-lifecycle Completed in 57ms
243 timing metavuln:load:security-advisory:npm-lifecycle:8ByEoOmtP0zAd95+I6k5u19718RcQoBFVeplBw33tEv7rupif6S9wOlcYco3SwlSS7znWlQuBc2Q20om5DJU3Q== Completed in 2ms
244 timing metavuln:cache:put:security-advisory:npm-lifecycle:BvKLrAJDVrcG5rzkm40VD0dkR6K1VXNqMoSdL7VRF9f+OlH9rXn96ZHzzW2Be7fFjL7mJWJpK1d/BmGAMDj23w== Completed in 9ms
245 timing metavuln:calculate:security-advisory:npm-lifecycle:8ByEoOmtP0zAd95+I6k5u19718RcQoBFVeplBw33tEv7rupif6S9wOlcYco3SwlSS7znWlQuBc2Q20om5DJU3Q== Completed in 68ms
246 timing metavuln:cache:get:security-advisory:update-notifier:1W+NgOc8MG4H++eU0nVeS4Jr5ZGEr7p7ogQburQL9BqPAbj8PXb1t86hoU3mJVGsXLXWwo8jBBlu8cExVphmMQ== Completed in 1ms
247 http fetch GET 200 https://registry.npmjs.org/update-notifier 61ms (cache miss)
248 timing metavuln:packument:update-notifier Completed in 62ms
249 timing metavuln:load:security-advisory:update-notifier:es7CtX39oUDG5qiC5N7RyNR+LcR5XTl5nZh1BTpAbdpM+BqpiWX17D0lUoxjGYIQa4jQBuPoFrAuzNJTTCSDUg== Completed in 1ms
250 timing metavuln:cache:put:security-advisory:update-notifier:1W+NgOc8MG4H++eU0nVeS4Jr5ZGEr7p7ogQburQL9BqPAbj8PXb1t86hoU3mJVGsXLXWwo8jBBlu8cExVphmMQ== Completed in 10ms
251 timing metavuln:calculate:security-advisory:update-notifier:es7CtX39oUDG5qiC5N7RyNR+LcR5XTl5nZh1BTpAbdpM+BqpiWX17D0lUoxjGYIQa4jQBuPoFrAuzNJTTCSDUg== Completed in 73ms
252 timing metavuln:cache:get:security-advisory:libcipm:VtmICceQIM41cYwRCXYmOmN7Gaek8fCrv3HEbCLrWrKyICU3U8OZPJGeUzXhMbI4xJnHXMIrdoGIpQb6dfS6Kg== Completed in 3ms
253 timing metavuln:cache:get:security-advisory:libnpm:yiPlMS3PW+BzYtA2J92nnClXhipZsNr6t1iwGJK4KjZs2FfNkLA+9GFrMWQ/yce34AuW55AeyHe1asgvj1ElkQ== Completed in 3ms
254 http fetch GET 200 https://registry.npmjs.org/libcipm 62ms (cache miss)
255 timing metavuln:packument:libcipm Completed in 64ms
256 timing metavuln:load:security-advisory:libcipm:nif3FzNP+iOoePWlXG9oUklUAd6iBcwh/Z7eMHXiG2QMu5nIru0i2XPeSqlyBcxb4Ze1Tyv+oDZT2hUeiJMqPw== Completed in 5ms
257 timing metavuln:cache:put:security-advisory:libcipm:VtmICceQIM41cYwRCXYmOmN7Gaek8fCrv3HEbCLrWrKyICU3U8OZPJGeUzXhMbI4xJnHXMIrdoGIpQb6dfS6Kg== Completed in 12ms
258 timing metavuln:calculate:security-advisory:libcipm:nif3FzNP+iOoePWlXG9oUklUAd6iBcwh/Z7eMHXiG2QMu5nIru0i2XPeSqlyBcxb4Ze1Tyv+oDZT2hUeiJMqPw== Completed in 81ms
259 http fetch GET 200 https://registry.npmjs.org/libnpm 81ms (cache miss)
260 timing metavuln:packument:libnpm Completed in 81ms
261 timing metavuln:load:security-advisory:libnpm:nif3FzNP+iOoePWlXG9oUklUAd6iBcwh/Z7eMHXiG2QMu5nIru0i2XPeSqlyBcxb4Ze1Tyv+oDZT2hUeiJMqPw== Completed in 2ms
262 timing metavuln:cache:put:security-advisory:libnpm:yiPlMS3PW+BzYtA2J92nnClXhipZsNr6t1iwGJK4KjZs2FfNkLA+9GFrMWQ/yce34AuW55AeyHe1asgvj1ElkQ== Completed in 10ms
263 timing metavuln:calculate:security-advisory:libnpm:nif3FzNP+iOoePWlXG9oUklUAd6iBcwh/Z7eMHXiG2QMu5nIru0i2XPeSqlyBcxb4Ze1Tyv+oDZT2hUeiJMqPw== Completed in 93ms
264 timing metavuln:cache:get:security-advisory:libnpmaccess:kKcX/g1Uf0+frzInaSyHNnXu7Q/L2aKTx+qEIJtxkPVcDvNsfkf/UsV4gTLt+NRL/Ga6FPmSO9XIzxnVL9zlBQ== Completed in 5ms
265 timing metavuln:cache:get:security-advisory:libnpmhook:dcUbR2Ht3fU+tpC0PciHoyGQSKKO6IDtUDJT8sl4EnebjYKZbQRwdEbZA/CYKVKXi/a1XjyVapohT9NJ5XqMRw== Completed in 4ms
266 timing metavuln:cache:get:security-advisory:libnpmorg:fXIs7L0ra6qf2yOj5pijkTbG0/Me/PbVcaCkAY3X0q/uSiDFJ3ZOl7gSUD3yeBoae6MS7hffbtZe9xeHkpp0Rg== Completed in 4ms
267 timing metavuln:cache:get:security-advisory:libnpmsearch:iK/dICAk+a/Jpekde3zWBWVVhPAzBy2L30xl/pysPHmDW3++2dFHuW/0UiP5UnhZKBuneggQ0G1D488zF/q1fA== Completed in 4ms
268 timing metavuln:cache:get:security-advisory:libnpm:OlG0c+97mPsU++1/Qoo+90fYIptYfbLY9AXRP21J57gAG+Fuzqdcbf9knsu9Jd47ETTdFixVFtiu99r0S5WJhA== Completed in 4ms
269 timing metavuln:load:security-advisory:libnpm:JsDovj12wWys3LNEltCIN+yUT0JPOu+E/IKYbB8ufcGE+LDwa53BAO02L9fCh5/vR0qfYVmDu0BwIQtVZp5uzg== Completed in 0ms
270 timing metavuln:cache:get:security-advisory:libnpmteam:AbiBPA7MOZWyr8B9PvWN3Kqo1XUzDIvNYlw1RHo6wvBwvkvz9dVh6o60ILwLzJvQMSp3n43Bn3pJPPdFpKXsCw== Completed in 4ms
271 timing metavuln:cache:get:security-advisory:libnpmpublish:n82Lz3V3gl+5xPAaqHHcUxd4lf5rWEc4rb2cNTXn4Q+Pb5wbXddbqV25C6BSQCnW04SS2WPoftHRRylv+P2v+w== Completed in 5ms
272 timing metavuln:load:security-advisory:libnpmpublish:JsDovj12wWys3LNEltCIN+yUT0JPOu+E/IKYbB8ufcGE+LDwa53BAO02L9fCh5/vR0qfYVmDu0BwIQtVZp5uzg== Completed in 3ms
273 timing metavuln:cache:get:security-advisory:npm-profile:xrPTPuTOja3kmVCiRIHO46tzh6dbSnfndJgsn1veX/G8AWqVQ4h8yHxjBLk53PvluRU6E09e3ZLdkCDe07cm5g== Completed in 8ms
274 timing metavuln:cache:get:security-advisory:pacote:bx1tBgt3eGmFXrXiieYup9edONjIrPL0j3agzZPUmtyghtPJac63azbT1Gf3L3lIHME+OJ7IxbdjvvhwAJzxJQ== Completed in 7ms
275 timing metavuln:load:security-advisory:pacote:JsDovj12wWys3LNEltCIN+yUT0JPOu+E/IKYbB8ufcGE+LDwa53BAO02L9fCh5/vR0qfYVmDu0BwIQtVZp5uzg== Completed in 6ms
276 timing metavuln:cache:put:security-advisory:pacote:bx1tBgt3eGmFXrXiieYup9edONjIrPL0j3agzZPUmtyghtPJac63azbT1Gf3L3lIHME+OJ7IxbdjvvhwAJzxJQ== Completed in 8ms
277 timing metavuln:calculate:security-advisory:pacote:JsDovj12wWys3LNEltCIN+yUT0JPOu+E/IKYbB8ufcGE+LDwa53BAO02L9fCh5/vR0qfYVmDu0BwIQtVZp5uzg== Completed in 21ms
278 timing metavuln:cache:put:security-advisory:libnpmpublish:n82Lz3V3gl+5xPAaqHHcUxd4lf5rWEc4rb2cNTXn4Q+Pb5wbXddbqV25C6BSQCnW04SS2WPoftHRRylv+P2v+w== Completed in 15ms
279 timing metavuln:calculate:security-advisory:libnpmpublish:JsDovj12wWys3LNEltCIN+yUT0JPOu+E/IKYbB8ufcGE+LDwa53BAO02L9fCh5/vR0qfYVmDu0BwIQtVZp5uzg== Completed in 23ms
280 timing metavuln:cache:put:security-advisory:libnpm:OlG0c+97mPsU++1/Qoo+90fYIptYfbLY9AXRP21J57gAG+Fuzqdcbf9knsu9Jd47ETTdFixVFtiu99r0S5WJhA== Completed in 19ms
281 timing metavuln:calculate:security-advisory:libnpm:JsDovj12wWys3LNEltCIN+yUT0JPOu+E/IKYbB8ufcGE+LDwa53BAO02L9fCh5/vR0qfYVmDu0BwIQtVZp5uzg== Completed in 23ms
282 http fetch GET 200 https://registry.npmjs.org/libnpmhook 76ms (cache miss)
283 timing metavuln:packument:libnpmhook Completed in 77ms
284 timing metavuln:load:security-advisory:libnpmhook:JsDovj12wWys3LNEltCIN+yUT0JPOu+E/IKYbB8ufcGE+LDwa53BAO02L9fCh5/vR0qfYVmDu0BwIQtVZp5uzg== Completed in 1ms
285 http fetch GET 200 https://registry.npmjs.org/libnpmsearch 85ms (cache miss)
286 timing metavuln:packument:libnpmsearch Completed in 86ms
287 timing metavuln:load:security-advisory:libnpmsearch:JsDovj12wWys3LNEltCIN+yUT0JPOu+E/IKYbB8ufcGE+LDwa53BAO02L9fCh5/vR0qfYVmDu0BwIQtVZp5uzg== Completed in 1ms
288 http fetch GET 200 https://registry.npmjs.org/libnpmteam 86ms (cache miss)
289 timing metavuln:packument:libnpmteam Completed in 86ms
290 timing metavuln:load:security-advisory:libnpmteam:JsDovj12wWys3LNEltCIN+yUT0JPOu+E/IKYbB8ufcGE+LDwa53BAO02L9fCh5/vR0qfYVmDu0BwIQtVZp5uzg== Completed in 1ms
291 http fetch GET 200 https://registry.npmjs.org/libnpmaccess 92ms (cache miss)
292 timing metavuln:packument:libnpmaccess Completed in 93ms
293 timing metavuln:load:security-advisory:libnpmaccess:JsDovj12wWys3LNEltCIN+yUT0JPOu+E/IKYbB8ufcGE+LDwa53BAO02L9fCh5/vR0qfYVmDu0BwIQtVZp5uzg== Completed in 0ms
294 timing metavuln:cache:put:security-advisory:libnpmhook:dcUbR2Ht3fU+tpC0PciHoyGQSKKO6IDtUDJT8sl4EnebjYKZbQRwdEbZA/CYKVKXi/a1XjyVapohT9NJ5XqMRw== Completed in 16ms
295 timing metavuln:calculate:security-advisory:libnpmhook:JsDovj12wWys3LNEltCIN+yUT0JPOu+E/IKYbB8ufcGE+LDwa53BAO02L9fCh5/vR0qfYVmDu0BwIQtVZp5uzg== Completed in 94ms
296 http fetch GET 200 https://registry.npmjs.org/npm-profile 92ms (cache miss)
297 timing metavuln:packument:npm-profile Completed in 93ms
298 timing metavuln:load:security-advisory:npm-profile:JsDovj12wWys3LNEltCIN+yUT0JPOu+E/IKYbB8ufcGE+LDwa53BAO02L9fCh5/vR0qfYVmDu0BwIQtVZp5uzg== Completed in 1ms
299 timing metavuln:cache:put:security-advisory:libnpmaccess:kKcX/g1Uf0+frzInaSyHNnXu7Q/L2aKTx+qEIJtxkPVcDvNsfkf/UsV4gTLt+NRL/Ga6FPmSO9XIzxnVL9zlBQ== Completed in 12ms
300 timing metavuln:calculate:security-advisory:libnpmaccess:JsDovj12wWys3LNEltCIN+yUT0JPOu+E/IKYbB8ufcGE+LDwa53BAO02L9fCh5/vR0qfYVmDu0BwIQtVZp5uzg== Completed in 105ms
301 timing metavuln:cache:put:security-advisory:libnpmsearch:iK/dICAk+a/Jpekde3zWBWVVhPAzBy2L30xl/pysPHmDW3++2dFHuW/0UiP5UnhZKBuneggQ0G1D488zF/q1fA== Completed in 18ms
302 timing metavuln:calculate:security-advisory:libnpmsearch:JsDovj12wWys3LNEltCIN+yUT0JPOu+E/IKYbB8ufcGE+LDwa53BAO02L9fCh5/vR0qfYVmDu0BwIQtVZp5uzg== Completed in 105ms
303 timing metavuln:cache:put:security-advisory:npm-profile:xrPTPuTOja3kmVCiRIHO46tzh6dbSnfndJgsn1veX/G8AWqVQ4h8yHxjBLk53PvluRU6E09e3ZLdkCDe07cm5g== Completed in 10ms
304 timing metavuln:calculate:security-advisory:npm-profile:JsDovj12wWys3LNEltCIN+yUT0JPOu+E/IKYbB8ufcGE+LDwa53BAO02L9fCh5/vR0qfYVmDu0BwIQtVZp5uzg== Completed in 104ms
305 timing metavuln:cache:put:security-advisory:libnpmteam:AbiBPA7MOZWyr8B9PvWN3Kqo1XUzDIvNYlw1RHo6wvBwvkvz9dVh6o60ILwLzJvQMSp3n43Bn3pJPPdFpKXsCw== Completed in 17ms
306 timing metavuln:calculate:security-advisory:libnpmteam:JsDovj12wWys3LNEltCIN+yUT0JPOu+E/IKYbB8ufcGE+LDwa53BAO02L9fCh5/vR0qfYVmDu0BwIQtVZp5uzg== Completed in 104ms
307 http fetch GET 200 https://registry.npmjs.org/libnpmorg 749ms (cache miss)
308 timing metavuln:packument:libnpmorg Completed in 750ms
309 timing metavuln:load:security-advisory:libnpmorg:JsDovj12wWys3LNEltCIN+yUT0JPOu+E/IKYbB8ufcGE+LDwa53BAO02L9fCh5/vR0qfYVmDu0BwIQtVZp5uzg== Completed in 0ms
310 timing metavuln:cache:put:security-advisory:libnpmorg:fXIs7L0ra6qf2yOj5pijkTbG0/Me/PbVcaCkAY3X0q/uSiDFJ3ZOl7gSUD3yeBoae6MS7hffbtZe9xeHkpp0Rg== Completed in 7ms
311 timing metavuln:calculate:security-advisory:libnpmorg:JsDovj12wWys3LNEltCIN+yUT0JPOu+E/IKYbB8ufcGE+LDwa53BAO02L9fCh5/vR0qfYVmDu0BwIQtVZp5uzg== Completed in 757ms
312 timing metavuln:cache:get:security-advisory:libcipm:ssUQ9OuyFnqY/pqEbxsy2QMr+rtEHK8v91bPmEcYlEy4KvZn7VqoioRfJbd8Wtw27CB0vZLCvrewpZewSy8Ccw== Completed in 1ms
313 timing metavuln:load:security-advisory:libcipm:BvKLrAJDVrcG5rzkm40VD0dkR6K1VXNqMoSdL7VRF9f+OlH9rXn96ZHzzW2Be7fFjL7mJWJpK1d/BmGAMDj23w== Completed in 0ms
314 timing metavuln:cache:get:security-advisory:libnpm:geGeOpBuc3nlF6NSxP0s5E3OgzgKRqYCgtzN/SVztuh/zmfifKk59KQO+rzH151hOC/cvIfwDlKRyhJMMJutVA== Completed in 2ms
315 timing metavuln:load:security-advisory:libnpm:BvKLrAJDVrcG5rzkm40VD0dkR6K1VXNqMoSdL7VRF9f+OlH9rXn96ZHzzW2Be7fFjL7mJWJpK1d/BmGAMDj23w== Completed in 0ms
316 timing metavuln:cache:put:security-advisory:libcipm:ssUQ9OuyFnqY/pqEbxsy2QMr+rtEHK8v91bPmEcYlEy4KvZn7VqoioRfJbd8Wtw27CB0vZLCvrewpZewSy8Ccw== Completed in 4ms
317 timing metavuln:calculate:security-advisory:libcipm:BvKLrAJDVrcG5rzkm40VD0dkR6K1VXNqMoSdL7VRF9f+OlH9rXn96ZHzzW2Be7fFjL7mJWJpK1d/BmGAMDj23w== Completed in 5ms
318 timing metavuln:cache:put:security-advisory:libnpm:geGeOpBuc3nlF6NSxP0s5E3OgzgKRqYCgtzN/SVztuh/zmfifKk59KQO+rzH151hOC/cvIfwDlKRyhJMMJutVA== Completed in 9ms
319 timing metavuln:calculate:security-advisory:libnpm:BvKLrAJDVrcG5rzkm40VD0dkR6K1VXNqMoSdL7VRF9f+OlH9rXn96ZHzzW2Be7fFjL7mJWJpK1d/BmGAMDj23w== Completed in 11ms
320 timing metavuln:cache:get:security-advisory:libnpx:vHvEhCRwk8JbmcmxyA9YABFuSum/8aSlU7uS6ukNENyNvbM9Vw2ZxJBa7ItGsYx+k6c0wHZz6JW05OpcK/JNHw== Completed in 1ms
321 http fetch GET 200 https://registry.npmjs.org/libnpx 45ms (cache miss)
322 timing metavuln:packument:libnpx Completed in 46ms
323 timing metavuln:load:security-advisory:libnpx:1W+NgOc8MG4H++eU0nVeS4Jr5ZGEr7p7ogQburQL9BqPAbj8PXb1t86hoU3mJVGsXLXWwo8jBBlu8cExVphmMQ== Completed in 2ms
324 timing metavuln:cache:put:security-advisory:libnpx:vHvEhCRwk8JbmcmxyA9YABFuSum/8aSlU7uS6ukNENyNvbM9Vw2ZxJBa7ItGsYx+k6c0wHZz6JW05OpcK/JNHw== Completed in 7ms
325 timing metavuln:calculate:security-advisory:libnpx:1W+NgOc8MG4H++eU0nVeS4Jr5ZGEr7p7ogQburQL9BqPAbj8PXb1t86hoU3mJVGsXLXWwo8jBBlu8cExVphmMQ== Completed in 56ms
326 timing metavuln:cache:get:security-advisory:libnpm:Xp7Vod2kIym5l4CwlbV2DgyXYCj2TQ/G90PcQSaXUyO2FnrM5+FwC1YjLED53tMSzSudkjIyLDNwN8Xe9egfGw== Completed in 0ms
327 timing metavuln:load:security-advisory:libnpm:n82Lz3V3gl+5xPAaqHHcUxd4lf5rWEc4rb2cNTXn4Q+Pb5wbXddbqV25C6BSQCnW04SS2WPoftHRRylv+P2v+w== Completed in 1ms
328 timing metavuln:cache:put:security-advisory:libnpm:Xp7Vod2kIym5l4CwlbV2DgyXYCj2TQ/G90PcQSaXUyO2FnrM5+FwC1YjLED53tMSzSudkjIyLDNwN8Xe9egfGw== Completed in 7ms
329 timing metavuln:calculate:security-advisory:libnpm:n82Lz3V3gl+5xPAaqHHcUxd4lf5rWEc4rb2cNTXn4Q+Pb5wbXddbqV25C6BSQCnW04SS2WPoftHRRylv+P2v+w== Completed in 8ms
330 timing metavuln:cache:get:security-advisory:libnpm:yO/61l/jx3MQJ3lcGTRPdA1zGm5Fsi5+V2/H1ytHfIJIz8iNClf3neY49TAVks25czgALhTdqEo+FyD8IZDFDA== Completed in 1ms
331 timing metavuln:load:security-advisory:libnpm:dcUbR2Ht3fU+tpC0PciHoyGQSKKO6IDtUDJT8sl4EnebjYKZbQRwdEbZA/CYKVKXi/a1XjyVapohT9NJ5XqMRw== Completed in 1ms
332 timing metavuln:cache:put:security-advisory:libnpm:yO/61l/jx3MQJ3lcGTRPdA1zGm5Fsi5+V2/H1ytHfIJIz8iNClf3neY49TAVks25czgALhTdqEo+FyD8IZDFDA== Completed in 7ms
333 timing metavuln:calculate:security-advisory:libnpm:dcUbR2Ht3fU+tpC0PciHoyGQSKKO6IDtUDJT8sl4EnebjYKZbQRwdEbZA/CYKVKXi/a1XjyVapohT9NJ5XqMRw== Completed in 9ms
334 timing metavuln:cache:get:security-advisory:libnpm:Cju306UWVMCv2LZk4EZDE/WBHs1Yoi/mSM1O3AVGn92//6p34WVpgROP5JDuySl2E3iTzTE5ebIO8BCV17hqxQ== Completed in 1ms
335 timing metavuln:load:security-advisory:libnpm:kKcX/g1Uf0+frzInaSyHNnXu7Q/L2aKTx+qEIJtxkPVcDvNsfkf/UsV4gTLt+NRL/Ga6FPmSO9XIzxnVL9zlBQ== Completed in 0ms
336 timing metavuln:cache:put:security-advisory:libnpm:Cju306UWVMCv2LZk4EZDE/WBHs1Yoi/mSM1O3AVGn92//6p34WVpgROP5JDuySl2E3iTzTE5ebIO8BCV17hqxQ== Completed in 8ms
337 timing metavuln:calculate:security-advisory:libnpm:kKcX/g1Uf0+frzInaSyHNnXu7Q/L2aKTx+qEIJtxkPVcDvNsfkf/UsV4gTLt+NRL/Ga6FPmSO9XIzxnVL9zlBQ== Completed in 9ms
338 timing metavuln:cache:get:security-advisory:libnpm:FWiNLaeMzLz8F5cR2NvWXIuPNnjY5EtfKHyqEczyuBQ3V/IIXkz8ElPuNL6qjMzGu7A0raW/UeI6wM8Qxh2PUA== Completed in 1ms
339 timing metavuln:load:security-advisory:libnpm:iK/dICAk+a/Jpekde3zWBWVVhPAzBy2L30xl/pysPHmDW3++2dFHuW/0UiP5UnhZKBuneggQ0G1D488zF/q1fA== Completed in 0ms
340 timing metavuln:cache:put:security-advisory:libnpm:FWiNLaeMzLz8F5cR2NvWXIuPNnjY5EtfKHyqEczyuBQ3V/IIXkz8ElPuNL6qjMzGu7A0raW/UeI6wM8Qxh2PUA== Completed in 7ms
341 timing metavuln:calculate:security-advisory:libnpm:iK/dICAk+a/Jpekde3zWBWVVhPAzBy2L30xl/pysPHmDW3++2dFHuW/0UiP5UnhZKBuneggQ0G1D488zF/q1fA== Completed in 8ms
342 timing metavuln:cache:get:security-advisory:libnpm:jbA4MmceJnpcbo8WKypr2V/bnv022KtEd+TFn6D9okJ5XvqzzwRmiKxN4aq33rMp+f0RgjAPjTJ07g3NPYi0Fg== Completed in 1ms
343 timing metavuln:load:security-advisory:libnpm:xrPTPuTOja3kmVCiRIHO46tzh6dbSnfndJgsn1veX/G8AWqVQ4h8yHxjBLk53PvluRU6E09e3ZLdkCDe07cm5g== Completed in 1ms
344 timing metavuln:cache:put:security-advisory:libnpm:jbA4MmceJnpcbo8WKypr2V/bnv022KtEd+TFn6D9okJ5XvqzzwRmiKxN4aq33rMp+f0RgjAPjTJ07g3NPYi0Fg== Completed in 9ms
345 timing metavuln:calculate:security-advisory:libnpm:xrPTPuTOja3kmVCiRIHO46tzh6dbSnfndJgsn1veX/G8AWqVQ4h8yHxjBLk53PvluRU6E09e3ZLdkCDe07cm5g== Completed in 11ms
346 timing metavuln:cache:get:security-advisory:libnpm:8R6Qq1H8XBOPc7w3E7wjcrFEdH3egBa1FhXn14o1SncEJhPsthTJEZ2bfiSh3x0ozcBErHo5Xadw7IygrvYfmA== Completed in 1ms
347 timing metavuln:load:security-advisory:libnpm:AbiBPA7MOZWyr8B9PvWN3Kqo1XUzDIvNYlw1RHo6wvBwvkvz9dVh6o60ILwLzJvQMSp3n43Bn3pJPPdFpKXsCw== Completed in 0ms
348 timing metavuln:cache:put:security-advisory:libnpm:8R6Qq1H8XBOPc7w3E7wjcrFEdH3egBa1FhXn14o1SncEJhPsthTJEZ2bfiSh3x0ozcBErHo5Xadw7IygrvYfmA== Completed in 7ms
349 timing metavuln:calculate:security-advisory:libnpm:AbiBPA7MOZWyr8B9PvWN3Kqo1XUzDIvNYlw1RHo6wvBwvkvz9dVh6o60ILwLzJvQMSp3n43Bn3pJPPdFpKXsCw== Completed in 8ms
350 timing metavuln:cache:get:security-advisory:libnpm:fDeuviLdXD/N6WYsRRsbRv9CqoWra2uLBiTm0qfMQeyOD8GySCJfE2chsXd6feP4oE3tfP6sEgLGvpURZNeunw== Completed in 0ms
351 timing metavuln:load:security-advisory:libnpm:fXIs7L0ra6qf2yOj5pijkTbG0/Me/PbVcaCkAY3X0q/uSiDFJ3ZOl7gSUD3yeBoae6MS7hffbtZe9xeHkpp0Rg== Completed in 0ms
352 timing metavuln:cache:put:security-advisory:libnpm:fDeuviLdXD/N6WYsRRsbRv9CqoWra2uLBiTm0qfMQeyOD8GySCJfE2chsXd6feP4oE3tfP6sEgLGvpURZNeunw== Completed in 7ms
353 timing metavuln:calculate:security-advisory:libnpm:fXIs7L0ra6qf2yOj5pijkTbG0/Me/PbVcaCkAY3X0q/uSiDFJ3ZOl7gSUD3yeBoae6MS7hffbtZe9xeHkpp0Rg== Completed in 7ms
354 timing auditReport:init Completed in 1947ms
355 timing reify:audit Completed in 2182ms
356 timing reify Completed in 6768ms
357 silly CHANGE node_modules/npm
358 silly REMOVE node_modules/npm/node_modules/@tootallnate/once
359 silly REMOVE node_modules/npm/node_modules/@isaacs/string-locale-compare
360 silly REMOVE node_modules/npm/node_modules/@gar/promisify
361 silly REMOVE node_modules/npm/node_modules/@npmcli/query
362 silly REMOVE node_modules/npm/node_modules/@npmcli/run-script
363 silly REMOVE node_modules/npm/node_modules/@npmcli/promise-spawn
364 silly REMOVE node_modules/npm/node_modules/@npmcli/name-from-folder
365 silly REMOVE node_modules/npm/node_modules/@npmcli/package-json
366 silly REMOVE node_modules/npm/node_modules/@npmcli/move-file
367 silly REMOVE node_modules/npm/node_modules/@npmcli/node-gyp
368 silly REMOVE node_modules/npm/node_modules/@npmcli/metavuln-calculator
369 silly REMOVE node_modules/npm/node_modules/@npmcli/map-workspaces
370 silly REMOVE node_modules/npm/node_modules/@npmcli/installed-package-contents
371 silly REMOVE node_modules/npm/node_modules/@npmcli/installed-package-contents/node_modules/npm-bundled
372 silly REMOVE node_modules/npm/node_modules/@npmcli/git
373 silly REMOVE node_modules/npm/node_modules/@npmcli/fs
374 silly REMOVE node_modules/npm/node_modules/@npmcli/disparity-colors
375 silly REMOVE node_modules/npm/node_modules/@npmcli/config
376 silly CHANGE node_modules/npm/node_modules/write-file-atomic
377 silly REMOVE node_modules/npm/node_modules/@npmcli/arborist
378 silly REMOVE node_modules/npm/node_modules/@npmcli/ci-detect
379 silly REMOVE node_modules/npm/node_modules/@colors/colors
380 silly CHANGE node_modules/npm/node_modules/wide-align
381 silly CHANGE node_modules/npm/node_modules/yallist
382 silly CHANGE node_modules/npm/node_modules/which
383 silly REMOVE node_modules/npm/node_modules/walk-up-path
384 silly CHANGE node_modules/npm/node_modules/validate-npm-package-name
385 silly CHANGE node_modules/npm/node_modules/unique-slug
386 silly CHANGE node_modules/npm/node_modules/unique-filename
387 silly REMOVE node_modules/npm/node_modules/treeverse
388 silly CHANGE node_modules/npm/node_modules/tar
389 silly CHANGE node_modules/npm/node_modules/supports-color
390 silly CHANGE node_modules/npm/node_modules/strip-ansi
391 silly CHANGE node_modules/npm/node_modules/string-width
392 silly CHANGE node_modules/npm/node_modules/ssri
393 silly CHANGE node_modules/npm/node_modules/spdx-expression-parse
394 silly CHANGE node_modules/npm/node_modules/spdx-license-ids
395 silly CHANGE node_modules/npm/node_modules/socks-proxy-agent
396 silly CHANGE node_modules/npm/node_modules/spdx-exceptions
397 silly CHANGE node_modules/npm/node_modules/smart-buffer
398 silly CHANGE node_modules/npm/node_modules/spdx-correct
399 silly CHANGE node_modules/npm/node_modules/socks
400 silly CHANGE node_modules/npm/node_modules/signal-exit
401 silly CHANGE node_modules/npm/node_modules/semver
402 silly REMOVE node_modules/npm/node_modules/semver/node_modules/lru-cache
403 silly CHANGE node_modules/npm/node_modules/rimraf
404 silly REMOVE node_modules/npm/node_modules/rimraf/node_modules/minimatch
405 silly REMOVE node_modules/npm/node_modules/rimraf/node_modules/glob
406 silly REMOVE node_modules/npm/node_modules/rimraf/node_modules/brace-expansion
407 silly REMOVE node_modules/npm/node_modules/read-package-json-fast
408 silly CHANGE node_modules/npm/node_modules/read-package-json
409 silly REMOVE node_modules/npm/node_modules/read-package-json/node_modules/npm-normalize-package-bin
410 silly CHANGE node_modules/npm/node_modules/read-cmd-shim
411 silly CHANGE node_modules/npm/node_modules/qrcode-terminal
412 silly CHANGE node_modules/npm/node_modules/promise-retry
413 silly REMOVE node_modules/npm/node_modules/promise-call-limit
414 silly REMOVE node_modules/npm/node_modules/promise-all-reject-late
415 silly REMOVE node_modules/npm/node_modules/proc-log
416 silly REMOVE node_modules/npm/node_modules/postcss-selector-parser
417 silly REMOVE node_modules/npm/node_modules/parse-conflict-json
418 silly REMOVE node_modules/npm/node_modules/p-map
419 silly CHANGE node_modules/npm/node_modules/pacote
420 silly CHANGE node_modules/npm/node_modules/opener
421 silly CHANGE node_modules/npm/node_modules/npmlog
422 silly CHANGE node_modules/npm/node_modules/npm-registry-fetch
423 silly CHANGE node_modules/npm/node_modules/npm-profile
424 silly CHANGE node_modules/npm/node_modules/npm-pick-manifest
425 silly REMOVE node_modules/npm/node_modules/npm-pick-manifest/node_modules/npm-normalize-package-bin
426 silly CHANGE node_modules/npm/node_modules/npm-packlist
427 silly REMOVE node_modules/npm/node_modules/npm-packlist/node_modules/npm-normalize-package-bin
428 silly CHANGE node_modules/npm/node_modules/npm-package-arg
429 silly CHANGE node_modules/npm/node_modules/npm-install-checks
430 silly CHANGE node_modules/npm/node_modules/npm-audit-report
431 silly CHANGE node_modules/npm/node_modules/npm-bundled
432 silly REMOVE node_modules/npm/node_modules/npm-bundled/node_modules/npm-normalize-package-bin
433 silly CHANGE node_modules/npm/node_modules/normalize-package-data
434 silly CHANGE node_modules/npm/node_modules/node-gyp
435 silly REMOVE node_modules/npm/node_modules/node-gyp/node_modules/nopt
436 silly REMOVE node_modules/npm/node_modules/node-gyp/node_modules/minimatch
437 silly REMOVE node_modules/npm/node_modules/node-gyp/node_modules/brace-expansion
438 silly REMOVE node_modules/npm/node_modules/node-gyp/node_modules/glob
439 silly CHANGE node_modules/npm/node_modules/nopt
440 silly REMOVE node_modules/npm/node_modules/minipass-sized
441 silly REMOVE node_modules/npm/node_modules/negotiator
442 silly CHANGE node_modules/npm/node_modules/mute-stream
443 silly CHANGE node_modules/npm/node_modules/ms
444 silly REMOVE node_modules/npm/node_modules/mkdirp-infer-owner
445 silly CHANGE node_modules/npm/node_modules/minizlib
446 silly CHANGE node_modules/npm/node_modules/mkdirp
447 silly REMOVE node_modules/npm/node_modules/minipass-pipeline
448 silly REMOVE node_modules/npm/node_modules/minipass-json-stream
449 silly REMOVE node_modules/npm/node_modules/minipass-fetch
450 silly REMOVE node_modules/npm/node_modules/minipass-collect
451 silly REMOVE node_modules/npm/node_modules/minipass-flush
452 silly REMOVE node_modules/npm/node_modules/minipass
453 silly CHANGE node_modules/npm/node_modules/minimatch
454 silly CHANGE node_modules/npm/node_modules/make-fetch-happen
455 silly CHANGE node_modules/npm/node_modules/lru-cache
456 silly REMOVE node_modules/npm/node_modules/libnpmversion
457 silly CHANGE node_modules/npm/node_modules/libnpmhook
458 silly CHANGE node_modules/npm/node_modules/libnpmteam
459 silly CHANGE node_modules/npm/node_modules/libnpmpublish
460 silly REMOVE node_modules/npm/node_modules/libnpmpack
461 silly REMOVE node_modules/npm/node_modules/libnpmfund
462 silly CHANGE node_modules/npm/node_modules/libnpmsearch
463 silly CHANGE node_modules/npm/node_modules/libnpmorg
464 silly REMOVE node_modules/npm/node_modules/libnpmexec
465 silly CHANGE node_modules/npm/node_modules/libnpmaccess
466 silly REMOVE node_modules/npm/node_modules/just-diff-apply
467 silly REMOVE node_modules/npm/node_modules/json-stringify-nice
468 silly REMOVE node_modules/npm/node_modules/libnpmdiff
469 silly REMOVE node_modules/npm/node_modules/just-diff
470 silly REMOVE node_modules/npm/node_modules/is-lambda
471 silly CHANGE node_modules/npm/node_modules/is-fullwidth-code-point
472 silly CHANGE node_modules/npm/node_modules/ip
473 silly REMOVE node_modules/npm/node_modules/is-core-module
474 silly CHANGE node_modules/npm/node_modules/is-cidr
475 silly CHANGE node_modules/npm/node_modules/ini
476 silly CHANGE node_modules/npm/node_modules/ip-regex
477 silly CHANGE node_modules/npm/node_modules/init-package-json
478 silly REMOVE node_modules/npm/node_modules/indent-string
479 silly CHANGE node_modules/npm/node_modules/ignore-walk
480 silly CHANGE node_modules/npm/node_modules/iconv-lite
481 silly CHANGE node_modules/npm/node_modules/https-proxy-agent
482 silly CHANGE node_modules/npm/node_modules/http-proxy-agent
483 silly CHANGE node_modules/npm/node_modules/http-cache-semantics
484 silly CHANGE node_modules/npm/node_modules/hosted-git-info
485 silly CHANGE node_modules/npm/node_modules/has-flag
486 silly CHANGE node_modules/npm/node_modules/glob
487 silly CHANGE node_modules/npm/node_modules/gauge
488 silly CHANGE node_modules/npm/node_modules/fs-minipass
489 silly CHANGE node_modules/npm/node_modules/err-code
490 silly REMOVE node_modules/npm/node_modules/fastest-levenshtein
491 silly CHANGE node_modules/npm/node_modules/encoding
492 silly CHANGE node_modules/npm/node_modules/emoji-regex
493 silly REMOVE node_modules/npm/node_modules/depd
494 silly REMOVE node_modules/npm/node_modules/diff
495 silly CHANGE node_modules/npm/node_modules/debug
496 silly CHANGE node_modules/npm/node_modules/debug/node_modules/ms
497 silly REMOVE node_modules/npm/node_modules/cssesc
498 silly REMOVE node_modules/npm/node_modules/common-ancestor-path
499 silly REMOVE node_modules/npm/node_modules/color-support
500 silly CHANGE node_modules/npm/node_modules/columnify
501 silly CHANGE node_modules/npm/node_modules/cmd-shim
502 silly CHANGE node_modules/npm/node_modules/cli-table3
503 silly CHANGE node_modules/npm/node_modules/color-name
504 silly CHANGE node_modules/npm/node_modules/color-convert
505 silly REMOVE node_modules/npm/node_modules/clean-stack
506 silly CHANGE node_modules/npm/node_modules/cli-columns
507 silly CHANGE node_modules/npm/node_modules/cidr-regex
508 silly REMOVE node_modules/npm/node_modules/binary-extensions
509 silly CHANGE node_modules/npm/node_modules/chownr
510 silly CHANGE node_modules/npm/node_modules/builtins
511 silly CHANGE node_modules/npm/node_modules/chalk
512 silly CHANGE node_modules/npm/node_modules/cacache
513 silly CHANGE node_modules/npm/node_modules/brace-expansion
514 silly CHANGE node_modules/npm/node_modules/bin-links
515 silly REMOVE node_modules/npm/node_modules/bin-links/node_modules/npm-normalize-package-bin
516 silly CHANGE node_modules/npm/node_modules/are-we-there-yet
517 silly CHANGE node_modules/npm/node_modules/ansi-styles
518 silly CHANGE node_modules/npm/node_modules/ansi-regex
519 silly REMOVE node_modules/npm/node_modules/aggregate-error
520 silly CHANGE node_modules/npm/node_modules/agentkeepalive
521 silly CHANGE node_modules/npm/node_modules/agent-base
522 silly CHANGE node_modules/npm/node_modules/fs.realpath
523 timing command:i Completed in 6908ms
524 verbose exit 0
525 timing npm Completed in 7032ms
526 info ok
